\BOOKMARK [0][]{chapter*.2}{Abbildungsverzeichnis}{}% 1
\BOOKMARK [0][]{chapter*.3}{Part 3: Network Troubleshooting Utilities}{}% 2
\BOOKMARK [1][]{section*.4}{Exercise 6: Managing Services \(Please use pnidX-svr-mu}{chapter*.3}% 3
\BOOKMARK [1][]{section*.25}{Exercise 7: Configure the following network \(figure 1\) using ifconfig and route add}{chapter*.3}% 4
\BOOKMARK [1][]{section*.26}{Exercise 8: Configure the following network \(figure 1\) using ip and nmcli}{chapter*.3}% 5
\BOOKMARK [1][]{section*.27}{Exercise 9: Configure the following network \(figure 1\) using GUI}{chapter*.3}% 6
\BOOKMARK [0][]{chapter*.28}{Part 4: Network Scanning}{}% 7
\BOOKMARK [1][]{section*.30}{Exercise 1: Configure the networks of figure 1}{chapter*.28}% 8
\BOOKMARK [1][]{section*.37}{Exercise 2: NMAP}{chapter*.28}% 9
\BOOKMARK [1][]{section*.49}{Exercise 3: Nessus network device identification}{chapter*.28}% 10
\BOOKMARK [1][]{section*.55}{Exercise 4: OpenVAS Network device identification}{chapter*.28}% 11
\BOOKMARK [0][]{chapter*.56}{Part 5: Sniffing, Virtual Private Network \(VPN\)}{}% 12
\BOOKMARK [1][]{section*.57}{Exercise 1: Configure and set the networks shown below \(figure1 and 2\)}{chapter*.56}% 13
\BOOKMARK [1][]{section*.58}{Exercise 2: Getting started with network monitoring tools}{chapter*.56}% 14
\BOOKMARK [1][]{section*.59}{Exercise 3: TCPDUMP}{chapter*.56}% 15
\BOOKMARK [1][]{section*.60}{Exercise 4: Wireshark}{chapter*.56}% 16
\BOOKMARK [1][]{section*.71}{Exercise 5: Experimenting with network monitoring tools}{chapter*.56}% 17
\BOOKMARK [1][]{section*.74}{Exercise 6: Set up a host-to-host VPN using preshared key}{chapter*.56}% 18
\BOOKMARK [1][]{section*.75}{Exercise 7: Set up a host-to-host VPN using RSA keys}{chapter*.56}% 19
\BOOKMARK [1][]{section*.76}{Exercise 8: Set up a network-to-network VPN using preshared key}{chapter*.56}% 20
\BOOKMARK [1][]{section*.77}{Exercise 9: Set up a network-to-network VPN using RSA secrets keys}{chapter*.56}% 21
