This is pdfTeX, Version 3.14159265-2.6-1.40.16 (TeX Live 2015) (preloaded format=pdflatex 2016.4.29)  26 FEB 2018 17:57
entering extended mode
 restricted \write18 enabled.
 %&-line parsing enabled.
**"Projekt Netzwerk-Infrastrukturen WS2017 Donnerstag Gruppe 4 Labreport Part 3
-5.tex"

(./Projekt Netzwerk-Infrastrukturen WS2017 Donnerstag Gruppe 4 Labreport Part 3
-5.tex
LaTeX2e <2015/01/01>
Babel <3.9l> and hyphenation patterns for 79 languages loaded.
(/usr/local/texlive/2015/texmf-dist/tex/latex/koma-script/scrreprt.cls
Document Class: scrreprt 2015/05/06 v3.17a KOMA-Script document class (report)
(/usr/local/texlive/2015/texmf-dist/tex/latex/koma-script/scrkbase.sty
Package: scrkbase 2015/05/06 v3.17a KOMA-Script package (KOMA-Script-dependent 
basics and keyval usage)

(/usr/local/texlive/2015/texmf-dist/tex/latex/koma-script/scrbase.sty
Package: scrbase 2015/05/06 v3.17a KOMA-Script package (KOMA-Script-independent
 basics and keyval usage)

(/usr/local/texlive/2015/texmf-dist/tex/latex/graphics/keyval.sty
Package: keyval 2014/10/28 v1.15 key=value parser (DPC)
\KV@toks@=\toks14
)
(/usr/local/texlive/2015/texmf-dist/tex/latex/koma-script/scrlfile.sty
Package: scrlfile 2015/05/06 v3.17a KOMA-Script package (loading files)

Package scrlfile, 2015/05/06 v3.17a KOMA-Script package (loading files)
                  Copyright (C) Markus Kohm

))) (/usr/local/texlive/2015/texmf-dist/tex/latex/koma-script/tocbasic.sty
Package: tocbasic 2015/05/06 v3.17a KOMA-Script package (handling toc-files)
)
Package tocbasic Info: omitting babel extension for `toc'
(tocbasic)             because of feature `nobabel' available
(tocbasic)             for `toc' on input line 124.
Package tocbasic Info: omitting babel extension for `lof'
(tocbasic)             because of feature `nobabel' available
(tocbasic)             for `lof' on input line 125.
Package tocbasic Info: omitting babel extension for `lot'
(tocbasic)             because of feature `nobabel' available
(tocbasic)             for `lot' on input line 126.
Package tocbasic Info: defining new hook before heading of `' on input line 155
2.
Package scrreprt Info: You've used standard option `12pt'.
(scrreprt)             This is correct!
(scrreprt)             Internally I'm using `fontsize=12pt'.
(scrreprt)             If you'd like to set the option with \KOMAoptions,
(scrreprt)             you'd have to use `fontsize=12pt' there
(scrreprt)             instead of `12pt', too.
Class scrreprt Info: File `scrsize12pt.clo' used to setup font sizes on input l
ine 2149.

(/usr/local/texlive/2015/texmf-dist/tex/latex/koma-script/scrsize12pt.clo
File: scrsize12pt.clo 2015/05/06 v3.17a KOMA-Script font size class option (12p
t)
)
(/usr/local/texlive/2015/texmf-dist/tex/latex/koma-script/typearea.sty
Package: typearea 2015/05/06 v3.17a KOMA-Script package (type area)

Package typearea, 2015/05/06 v3.17a KOMA-Script package (type area)
                  Copyright (C) Frank Neukam, 1992-1994
                  Copyright (C) Markus Kohm, 1994-

\ta@bcor=\skip41
\ta@div=\count79
Package typearea Info: You've used standard option `a4paper'.
(typearea)             This is correct!
(typearea)             Internally I'm using `paper=a4'.
(typearea)             If you'd like to set the option with \KOMAoptions,
(typearea)             you'd have to use `paper=a4' there
(typearea)             instead of `a4paper', too.
\ta@hblk=\skip42
\ta@vblk=\skip43
\ta@temp=\skip44
\footheight=\skip45
Package typearea Info: These are the values describing the layout:
(typearea)             DIV  = 12
(typearea)             BCOR = 0.0pt
(typearea)             \paperwidth      = 597.50793pt
(typearea)              \textwidth      = 448.13095pt
(typearea)              DIV departure   = -6%
(typearea)              \evensidemargin = 2.4185pt
(typearea)              \oddsidemargin  = 2.4185pt
(typearea)             \paperheight     = 845.04694pt
(typearea)              \textheight     = 635.5pt
(typearea)              \topmargin      = -41.72441pt
(typearea)              \headheight     = 18.125pt
(typearea)              \headsep        = 21.75pt
(typearea)              \topskip        = 12.0pt
(typearea)              \footskip       = 50.75pt
(typearea)              \baselineskip   = 14.5pt
(typearea)              on input line 1485.
)
\c@part=\count80
\c@chapter=\count81
\c@section=\count82
\c@subsection=\count83
\c@subsubsection=\count84
\c@paragraph=\count85
\c@subparagraph=\count86
LaTeX Info: Redefining \textsubscript on input line 4417.
\abovecaptionskip=\skip46
\belowcaptionskip=\skip47
\c@pti@nb@sid@b@x=\box26
\c@figure=\count87
\c@table=\count88
\bibindent=\dimen102
) (/usr/local/texlive/2015/texmf-dist/tex/latex/geometry/geometry.sty
Package: geometry 2010/09/12 v5.6 Page Geometry

(/usr/local/texlive/2015/texmf-dist/tex/generic/oberdiek/ifpdf.sty
Package: ifpdf 2011/01/30 v2.3 Provides the ifpdf switch (HO)
Package ifpdf Info: pdfTeX in PDF mode is detected.
)
(/usr/local/texlive/2015/texmf-dist/tex/generic/oberdiek/ifvtex.sty
Package: ifvtex 2010/03/01 v1.5 Detect VTeX and its facilities (HO)
Package ifvtex Info: VTeX not detected.
)
(/usr/local/texlive/2015/texmf-dist/tex/generic/ifxetex/ifxetex.sty
Package: ifxetex 2010/09/12 v0.6 Provides ifxetex conditional
)
\Gm@cnth=\count89
\Gm@cntv=\count90
\c@Gm@tempcnt=\count91
\Gm@bindingoffset=\dimen103
\Gm@wd@mp=\dimen104
\Gm@odd@mp=\dimen105
\Gm@even@mp=\dimen106
\Gm@layoutwidth=\dimen107
\Gm@layoutheight=\dimen108
\Gm@layouthoffset=\dimen109
\Gm@layoutvoffset=\dimen110
\Gm@dimlist=\toks15
)
(/usr/local/texlive/2015/texmf-dist/tex/latex/base/inputenc.sty
Package: inputenc 2015/03/17 v1.2c Input encoding file
\inpenc@prehook=\toks16
\inpenc@posthook=\toks17

(/usr/local/texlive/2015/texmf-dist/tex/latex/base/utf8.def
File: utf8.def 2014/09/29 v1.1m UTF-8 support for inputenc
Now handling font encoding OML ...
... no UTF-8 mapping file for font encoding OML
Now handling font encoding T1 ...
... processing UTF-8 mapping file for font encoding T1

(/usr/local/texlive/2015/texmf-dist/tex/latex/base/t1enc.dfu
File: t1enc.dfu 2014/09/29 v1.1m UTF-8 support for inputenc
   defining Unicode char U+00A1 (decimal 161)
   defining Unicode char U+00A3 (decimal 163)
   defining Unicode char U+00AB (decimal 171)
   defining Unicode char U+00BB (decimal 187)
   defining Unicode char U+00BF (decimal 191)
   defining Unicode char U+00C0 (decimal 192)
   defining Unicode char U+00C1 (decimal 193)
   defining Unicode char U+00C2 (decimal 194)
   defining Unicode char U+00C3 (decimal 195)
   defining Unicode char U+00C4 (decimal 196)
   defining Unicode char U+00C5 (decimal 197)
   defining Unicode char U+00C6 (decimal 198)
   defining Unicode char U+00C7 (decimal 199)
   defining Unicode char U+00C8 (decimal 200)
   defining Unicode char U+00C9 (decimal 201)
   defining Unicode char U+00CA (decimal 202)
   defining Unicode char U+00CB (decimal 203)
   defining Unicode char U+00CC (decimal 204)
   defining Unicode char U+00CD (decimal 205)
   defining Unicode char U+00CE (decimal 206)
   defining Unicode char U+00CF (decimal 207)
   defining Unicode char U+00D0 (decimal 208)
   defining Unicode char U+00D1 (decimal 209)
   defining Unicode char U+00D2 (decimal 210)
   defining Unicode char U+00D3 (decimal 211)
   defining Unicode char U+00D4 (decimal 212)
   defining Unicode char U+00D5 (decimal 213)
   defining Unicode char U+00D6 (decimal 214)
   defining Unicode char U+00D8 (decimal 216)
   defining Unicode char U+00D9 (decimal 217)
   defining Unicode char U+00DA (decimal 218)
   defining Unicode char U+00DB (decimal 219)
   defining Unicode char U+00DC (decimal 220)
   defining Unicode char U+00DD (decimal 221)
   defining Unicode char U+00DE (decimal 222)
   defining Unicode char U+00DF (decimal 223)
   defining Unicode char U+00E0 (decimal 224)
   defining Unicode char U+00E1 (decimal 225)
   defining Unicode char U+00E2 (decimal 226)
   defining Unicode char U+00E3 (decimal 227)
   defining Unicode char U+00E4 (decimal 228)
   defining Unicode char U+00E5 (decimal 229)
   defining Unicode char U+00E6 (decimal 230)
   defining Unicode char U+00E7 (decimal 231)
   defining Unicode char U+00E8 (decimal 232)
   defining Unicode char U+00E9 (decimal 233)
   defining Unicode char U+00EA (decimal 234)
   defining Unicode char U+00EB (decimal 235)
   defining Unicode char U+00EC (decimal 236)
   defining Unicode char U+00ED (decimal 237)
   defining Unicode char U+00EE (decimal 238)
   defining Unicode char U+00EF (decimal 239)
   defining Unicode char U+00F0 (decimal 240)
   defining Unicode char U+00F1 (decimal 241)
   defining Unicode char U+00F2 (decimal 242)
   defining Unicode char U+00F3 (decimal 243)
   defining Unicode char U+00F4 (decimal 244)
   defining Unicode char U+00F5 (decimal 245)
   defining Unicode char U+00F6 (decimal 246)
   defining Unicode char U+00F8 (decimal 248)
   defining Unicode char U+00F9 (decimal 249)
   defining Unicode char U+00FA (decimal 250)
   defining Unicode char U+00FB (decimal 251)
   defining Unicode char U+00FC (decimal 252)
   defining Unicode char U+00FD (decimal 253)
   defining Unicode char U+00FE (decimal 254)
   defining Unicode char U+00FF (decimal 255)
   defining Unicode char U+0102 (decimal 258)
   defining Unicode char U+0103 (decimal 259)
   defining Unicode char U+0104 (decimal 260)
   defining Unicode char U+0105 (decimal 261)
   defining Unicode char U+0106 (decimal 262)
   defining Unicode char U+0107 (decimal 263)
   defining Unicode char U+010C (decimal 268)
   defining Unicode char U+010D (decimal 269)
   defining Unicode char U+010E (decimal 270)
   defining Unicode char U+010F (decimal 271)
   defining Unicode char U+0110 (decimal 272)
   defining Unicode char U+0111 (decimal 273)
   defining Unicode char U+0118 (decimal 280)
   defining Unicode char U+0119 (decimal 281)
   defining Unicode char U+011A (decimal 282)
   defining Unicode char U+011B (decimal 283)
   defining Unicode char U+011E (decimal 286)
   defining Unicode char U+011F (decimal 287)
   defining Unicode char U+0130 (decimal 304)
   defining Unicode char U+0131 (decimal 305)
   defining Unicode char U+0132 (decimal 306)
   defining Unicode char U+0133 (decimal 307)
   defining Unicode char U+0139 (decimal 313)
   defining Unicode char U+013A (decimal 314)
   defining Unicode char U+013D (decimal 317)
   defining Unicode char U+013E (decimal 318)
   defining Unicode char U+0141 (decimal 321)
   defining Unicode char U+0142 (decimal 322)
   defining Unicode char U+0143 (decimal 323)
   defining Unicode char U+0144 (decimal 324)
   defining Unicode char U+0147 (decimal 327)
   defining Unicode char U+0148 (decimal 328)
   defining Unicode char U+014A (decimal 330)
   defining Unicode char U+014B (decimal 331)
   defining Unicode char U+0150 (decimal 336)
   defining Unicode char U+0151 (decimal 337)
   defining Unicode char U+0152 (decimal 338)
   defining Unicode char U+0153 (decimal 339)
   defining Unicode char U+0154 (decimal 340)
   defining Unicode char U+0155 (decimal 341)
   defining Unicode char U+0158 (decimal 344)
   defining Unicode char U+0159 (decimal 345)
   defining Unicode char U+015A (decimal 346)
   defining Unicode char U+015B (decimal 347)
   defining Unicode char U+015E (decimal 350)
   defining Unicode char U+015F (decimal 351)
   defining Unicode char U+0160 (decimal 352)
   defining Unicode char U+0161 (decimal 353)
   defining Unicode char U+0162 (decimal 354)
   defining Unicode char U+0163 (decimal 355)
   defining Unicode char U+0164 (decimal 356)
   defining Unicode char U+0165 (decimal 357)
   defining Unicode char U+016E (decimal 366)
   defining Unicode char U+016F (decimal 367)
   defining Unicode char U+0170 (decimal 368)
   defining Unicode char U+0171 (decimal 369)
   defining Unicode char U+0178 (decimal 376)
   defining Unicode char U+0179 (decimal 377)
   defining Unicode char U+017A (decimal 378)
   defining Unicode char U+017B (decimal 379)
   defining Unicode char U+017C (decimal 380)
   defining Unicode char U+017D (decimal 381)
   defining Unicode char U+017E (decimal 382)
   defining Unicode char U+200C (decimal 8204)
   defining Unicode char U+2013 (decimal 8211)
   defining Unicode char U+2014 (decimal 8212)
   defining Unicode char U+2018 (decimal 8216)
   defining Unicode char U+2019 (decimal 8217)
   defining Unicode char U+201A (decimal 8218)
   defining Unicode char U+201C (decimal 8220)
   defining Unicode char U+201D (decimal 8221)
   defining Unicode char U+201E (decimal 8222)
   defining Unicode char U+2030 (decimal 8240)
   defining Unicode char U+2031 (decimal 8241)
   defining Unicode char U+2039 (decimal 8249)
   defining Unicode char U+203A (decimal 8250)
   defining Unicode char U+2423 (decimal 9251)
)
Now handling font encoding OT1 ...
... processing UTF-8 mapping file for font encoding OT1

(/usr/local/texlive/2015/texmf-dist/tex/latex/base/ot1enc.dfu
File: ot1enc.dfu 2014/09/29 v1.1m UTF-8 support for inputenc
   defining Unicode char U+00A1 (decimal 161)
   defining Unicode char U+00A3 (decimal 163)
   defining Unicode char U+00B8 (decimal 184)
   defining Unicode char U+00BF (decimal 191)
   defining Unicode char U+00C5 (decimal 197)
   defining Unicode char U+00C6 (decimal 198)
   defining Unicode char U+00D8 (decimal 216)
   defining Unicode char U+00DF (decimal 223)
   defining Unicode char U+00E6 (decimal 230)
   defining Unicode char U+00EC (decimal 236)
   defining Unicode char U+00ED (decimal 237)
   defining Unicode char U+00EE (decimal 238)
   defining Unicode char U+00EF (decimal 239)
   defining Unicode char U+00F8 (decimal 248)
   defining Unicode char U+0131 (decimal 305)
   defining Unicode char U+0141 (decimal 321)
   defining Unicode char U+0142 (decimal 322)
   defining Unicode char U+0152 (decimal 338)
   defining Unicode char U+0153 (decimal 339)
   defining Unicode char U+2013 (decimal 8211)
   defining Unicode char U+2014 (decimal 8212)
   defining Unicode char U+2018 (decimal 8216)
   defining Unicode char U+2019 (decimal 8217)
   defining Unicode char U+201C (decimal 8220)
   defining Unicode char U+201D (decimal 8221)
)
Now handling font encoding OMS ...
... processing UTF-8 mapping file for font encoding OMS

(/usr/local/texlive/2015/texmf-dist/tex/latex/base/omsenc.dfu
File: omsenc.dfu 2014/09/29 v1.1m UTF-8 support for inputenc
   defining Unicode char U+00A7 (decimal 167)
   defining Unicode char U+00B6 (decimal 182)
   defining Unicode char U+00B7 (decimal 183)
   defining Unicode char U+2020 (decimal 8224)
   defining Unicode char U+2021 (decimal 8225)
   defining Unicode char U+2022 (decimal 8226)
)
Now handling font encoding OMX ...
... no UTF-8 mapping file for font encoding OMX
Now handling font encoding U ...
... no UTF-8 mapping file for font encoding U
   defining Unicode char U+00A9 (decimal 169)
   defining Unicode char U+00AA (decimal 170)
   defining Unicode char U+00AE (decimal 174)
   defining Unicode char U+00BA (decimal 186)
   defining Unicode char U+02C6 (decimal 710)
   defining Unicode char U+02DC (decimal 732)
   defining Unicode char U+200C (decimal 8204)
   defining Unicode char U+2026 (decimal 8230)
   defining Unicode char U+2122 (decimal 8482)
   defining Unicode char U+2423 (decimal 9251)
))
(/usr/local/texlive/2015/texmf-dist/tex/latex/base/fontenc.sty
Package: fontenc 2005/09/27 v1.99g Standard LaTeX package

(/usr/local/texlive/2015/texmf-dist/tex/latex/base/t1enc.def
File: t1enc.def 2005/09/27 v1.99g Standard LaTeX file
LaTeX Font Info:    Redeclaring font encoding T1 on input line 48.
))
(/usr/local/texlive/2015/texmf-dist/tex/latex/graphics/graphicx.sty
Package: graphicx 2014/10/28 v1.0g Enhanced LaTeX Graphics (DPC,SPQR)

(/usr/local/texlive/2015/texmf-dist/tex/latex/graphics/graphics.sty
Package: graphics 2014/10/28 v1.0p Standard LaTeX Graphics (DPC,SPQR)

(/usr/local/texlive/2015/texmf-dist/tex/latex/graphics/trig.sty
Package: trig 1999/03/16 v1.09 sin cos tan (DPC)
)
(/usr/local/texlive/2015/texmf-dist/tex/latex/latexconfig/graphics.cfg
File: graphics.cfg 2010/04/23 v1.9 graphics configuration of TeX Live
)
Package graphics Info: Driver file: pdftex.def on input line 94.

(/usr/local/texlive/2015/texmf-dist/tex/latex/pdftex-def/pdftex.def
File: pdftex.def 2011/05/27 v0.06d Graphics/color for pdfTeX

(/usr/local/texlive/2015/texmf-dist/tex/generic/oberdiek/infwarerr.sty
Package: infwarerr 2010/04/08 v1.3 Providing info/warning/error messages (HO)
)
(/usr/local/texlive/2015/texmf-dist/tex/generic/oberdiek/ltxcmds.sty
Package: ltxcmds 2011/11/09 v1.22 LaTeX kernel commands for general use (HO)
)
\Gread@gobject=\count92
))
\Gin@req@height=\dimen111
\Gin@req@width=\dimen112
)
(/usr/local/texlive/2015/texmf-dist/tex/generic/babel/babel.sty
Package: babel 2014/09/25 3.9l The Babel package

(/usr/local/texlive/2015/texmf-dist/tex/generic/babel-german/ngerman.ldf
Language: ngerman 2013/12/13 v2.7 German support for babel (new orthography)

(/usr/local/texlive/2015/texmf-dist/tex/generic/babel-german/ngermanb.ldf
Language: ngermanb 2013/12/13 v2.7 German support for babel (new orthography)

(/usr/local/texlive/2015/texmf-dist/tex/generic/babel/babel.def
File: babel.def 2014/09/25 3.9l Babel common definitions
\babel@savecnt=\count93
\U@D=\dimen113
)
\l@naustrian = a dialect from \language\l@ngerman 
\l@nswissgerman = a dialect from \language\l@ngerman 
Package babel Info: Making " an active character on input line 88.
)))
(/usr/local/texlive/2015/texmf-dist/tex/latex/colortbl/colortbl.sty
Package: colortbl 2012/02/13 v1.0a Color table columns (DPC)

(/usr/local/texlive/2015/texmf-dist/tex/latex/tools/array.sty
Package: array 2014/10/28 v2.4c Tabular extension package (FMi)
\col@sep=\dimen114
\extrarowheight=\dimen115
\NC@list=\toks18
\extratabsurround=\skip48
\backup@length=\skip49
)
(/usr/local/texlive/2015/texmf-dist/tex/latex/graphics/color.sty
Package: color 2014/10/28 v1.1a Standard LaTeX Color (DPC)

(/usr/local/texlive/2015/texmf-dist/tex/latex/latexconfig/color.cfg
File: color.cfg 2007/01/18 v1.5 color configuration of teTeX/TeXLive
)
Package color Info: Driver file: pdftex.def on input line 142.
)
\everycr=\toks19
\minrowclearance=\skip50
)
(/usr/local/texlive/2015/texmf-dist/tex/latex/xcolor/xcolor.sty
Package: xcolor 2007/01/21 v2.11 LaTeX color extensions (UK)

(/usr/local/texlive/2015/texmf-dist/tex/latex/latexconfig/color.cfg
File: color.cfg 2007/01/18 v1.5 color configuration of teTeX/TeXLive
)
Package xcolor Info: Driver file: pdftex.def on input line 225.
LaTeX Info: Redefining \color on input line 702.
Package xcolor Info: Model `cmy' substituted by `cmy0' on input line 1337.
Package xcolor Info: Model `hsb' substituted by `rgb' on input line 1341.
Package xcolor Info: Model `RGB' extended on input line 1353.
Package xcolor Info: Model `HTML' substituted by `rgb' on input line 1355.
Package xcolor Info: Model `Hsb' substituted by `hsb' on input line 1356.
Package xcolor Info: Model `tHsb' substituted by `hsb' on input line 1357.
Package xcolor Info: Model `HSB' substituted by `hsb' on input line 1358.
Package xcolor Info: Model `Gray' substituted by `gray' on input line 1359.
Package xcolor Info: Model `wave' substituted by `hsb' on input line 1360.
)
(/usr/local/texlive/2015/texmf-dist/tex/latex/soul/soul.sty
Package: soul 2003/11/17 v2.4 letterspacing/underlining (mf)
\SOUL@word=\toks20
\SOUL@lasttoken=\toks21
\SOUL@cmds=\toks22
\SOUL@buffer=\toks23
\SOUL@token=\toks24
\SOUL@spaceskip=\skip51
\SOUL@ttwidth=\dimen116
\SOUL@uldp=\dimen117
\SOUL@ulht=\dimen118
)
(/usr/local/texlive/2015/texmf-dist/tex/latex/float/float.sty
Package: float 2001/11/08 v1.3d Float enhancements (AL)
\c@float@type=\count94
\float@exts=\toks25
\float@box=\box27
\@float@everytoks=\toks26
\@floatcapt=\box28
)
(/usr/local/texlive/2015/texmf-dist/tex/latex/caption/caption.sty
Package: caption 2013/05/02 v3.3-89 Customizing captions (AR)

(/usr/local/texlive/2015/texmf-dist/tex/latex/caption/caption3.sty
Package: caption3 2013/05/02 v1.6-88 caption3 kernel (AR)
Package caption3 Info: TeX engine: e-TeX on input line 57.
\captionmargin=\dimen119
\captionmargin@=\dimen120
\captionwidth=\dimen121
\caption@tempdima=\dimen122
\caption@indent=\dimen123
\caption@parindent=\dimen124
\caption@hangindent=\dimen125
)
Package caption Info: KOMA-Script document class.
\c@ContinuedFloat=\count95
Package caption Info: float package is loaded.
)
(/usr/local/texlive/2015/texmf-dist/tex/latex/caption/subcaption.sty
Package: subcaption 2013/02/03 v1.1-62 Sub-captions (AR)
\c@subfigure=\count96
\c@subtable=\count97
)
(/usr/local/texlive/2015/texmf-dist/tex/latex/hyperref/hyperref.sty
Package: hyperref 2012/11/06 v6.83m Hypertext links for LaTeX

(/usr/local/texlive/2015/texmf-dist/tex/generic/oberdiek/hobsub-hyperref.sty
Package: hobsub-hyperref 2012/05/28 v1.13 Bundle oberdiek, subset hyperref (HO)


(/usr/local/texlive/2015/texmf-dist/tex/generic/oberdiek/hobsub-generic.sty
Package: hobsub-generic 2012/05/28 v1.13 Bundle oberdiek, subset generic (HO)
Package: hobsub 2012/05/28 v1.13 Construct package bundles (HO)
Package hobsub Info: Skipping package `infwarerr' (already loaded).
Package hobsub Info: Skipping package `ltxcmds' (already loaded).
Package: ifluatex 2010/03/01 v1.3 Provides the ifluatex switch (HO)
Package ifluatex Info: LuaTeX not detected.
Package hobsub Info: Skipping package `ifvtex' (already loaded).
Package: intcalc 2007/09/27 v1.1 Expandable calculations with integers (HO)
Package hobsub Info: Skipping package `ifpdf' (already loaded).
Package: etexcmds 2011/02/16 v1.5 Avoid name clashes with e-TeX commands (HO)
Package etexcmds Info: Could not find \expanded.
(etexcmds)             That can mean that you are not using pdfTeX 1.50 or
(etexcmds)             that some package has redefined \expanded.
(etexcmds)             In the latter case, load this package earlier.
Package: kvsetkeys 2012/04/25 v1.16 Key value parser (HO)
Package: kvdefinekeys 2011/04/07 v1.3 Define keys (HO)
Package: pdftexcmds 2011/11/29 v0.20 Utility functions of pdfTeX for LuaTeX (HO
)
Package pdftexcmds Info: LuaTeX not detected.
Package pdftexcmds Info: \pdf@primitive is available.
Package pdftexcmds Info: \pdf@ifprimitive is available.
Package pdftexcmds Info: \pdfdraftmode found.
Package: pdfescape 2011/11/25 v1.13 Implements pdfTeX's escape features (HO)
Package: bigintcalc 2012/04/08 v1.3 Expandable calculations on big integers (HO
)
Package: bitset 2011/01/30 v1.1 Handle bit-vector datatype (HO)
Package: uniquecounter 2011/01/30 v1.2 Provide unlimited unique counter (HO)
)
Package hobsub Info: Skipping package `hobsub' (already loaded).
Package: letltxmacro 2010/09/02 v1.4 Let assignment for LaTeX macros (HO)
Package: hopatch 2012/05/28 v1.2 Wrapper for package hooks (HO)
Package: xcolor-patch 2011/01/30 xcolor patch
Package: atveryend 2011/06/30 v1.8 Hooks at the very end of document (HO)
Package atveryend Info: \enddocument detected (standard20110627).
Package: atbegshi 2011/10/05 v1.16 At begin shipout hook (HO)
Package: refcount 2011/10/16 v3.4 Data extraction from label references (HO)
Package: hycolor 2011/01/30 v1.7 Color options for hyperref/bookmark (HO)
)
(/usr/local/texlive/2015/texmf-dist/tex/latex/oberdiek/auxhook.sty
Package: auxhook 2011/03/04 v1.3 Hooks for auxiliary files (HO)
)
(/usr/local/texlive/2015/texmf-dist/tex/latex/oberdiek/kvoptions.sty
Package: kvoptions 2011/06/30 v3.11 Key value format for package options (HO)
)
\@linkdim=\dimen126
\Hy@linkcounter=\count98
\Hy@pagecounter=\count99

(/usr/local/texlive/2015/texmf-dist/tex/latex/hyperref/pd1enc.def
File: pd1enc.def 2012/11/06 v6.83m Hyperref: PDFDocEncoding definition (HO)
Now handling font encoding PD1 ...
... no UTF-8 mapping file for font encoding PD1
)
\Hy@SavedSpaceFactor=\count100

(/usr/local/texlive/2015/texmf-dist/tex/latex/latexconfig/hyperref.cfg
File: hyperref.cfg 2002/06/06 v1.2 hyperref configuration of TeXLive
)
Package hyperref Info: Option `colorlinks' set `true' on input line 4319.
Package hyperref Info: Option `pdfpagelabels' set `true' on input line 4319.
Package hyperref Info: Option `bookmarksopen' set `true' on input line 4319.
Package hyperref Info: Option `bookmarksnumbered' set `true' on input line 4319
.
Package hyperref Info: Option `plainpages' set `false' on input line 4319.
Package hyperref Info: Option `hypertexnames' set `false' on input line 4319.
Package hyperref Info: Hyper figures OFF on input line 4443.
Package hyperref Info: Link nesting OFF on input line 4448.
Package hyperref Info: Hyper index ON on input line 4451.
Package hyperref Info: Plain pages OFF on input line 4458.
Package hyperref Info: Backreferencing OFF on input line 4463.
Package hyperref Info: Implicit mode ON; LaTeX internals redefined.
Package hyperref Info: Bookmarks ON on input line 4688.
\c@Hy@tempcnt=\count101

(/usr/local/texlive/2015/texmf-dist/tex/latex/url/url.sty
\Urlmuskip=\muskip10
Package: url 2013/09/16  ver 3.4  Verb mode for urls, etc.
)
LaTeX Info: Redefining \url on input line 5041.
\XeTeXLinkMargin=\dimen127
\Fld@menulength=\count102
\Field@Width=\dimen128
\Fld@charsize=\dimen129
Package hyperref Info: Hyper figures OFF on input line 6295.
Package hyperref Info: Link nesting OFF on input line 6300.
Package hyperref Info: Hyper index ON on input line 6303.
Package hyperref Info: backreferencing OFF on input line 6310.
Package hyperref Info: Link coloring ON on input line 6313.
Package hyperref Info: Link coloring with OCG OFF on input line 6320.
Package hyperref Info: PDF/A mode OFF on input line 6325.
LaTeX Info: Redefining \ref on input line 6365.
LaTeX Info: Redefining \pageref on input line 6369.
\Hy@abspage=\count103
\c@Item=\count104
\c@Hfootnote=\count105
)

Package hyperref Message: Driver (autodetected): hpdftex.

(/usr/local/texlive/2015/texmf-dist/tex/latex/hyperref/hpdftex.def
File: hpdftex.def 2012/11/06 v6.83m Hyperref driver for pdfTeX
\Fld@listcount=\count106
\c@bookmark@seq@number=\count107

(/usr/local/texlive/2015/texmf-dist/tex/latex/oberdiek/rerunfilecheck.sty
Package: rerunfilecheck 2011/04/15 v1.7 Rerun checks for auxiliary files (HO)
Package uniquecounter Info: New unique counter `rerunfilecheck' on input line 2
82.
)
\Hy@SectionHShift=\skip52
)
(/usr/local/texlive/2015/texmf-dist/tex/latex/amsmath/amsmath.sty
Package: amsmath 2013/01/14 v2.14 AMS math features
\@mathmargin=\skip53

For additional information on amsmath, use the `?' option.
(/usr/local/texlive/2015/texmf-dist/tex/latex/amsmath/amstext.sty
Package: amstext 2000/06/29 v2.01

(/usr/local/texlive/2015/texmf-dist/tex/latex/amsmath/amsgen.sty
File: amsgen.sty 1999/11/30 v2.0
\@emptytoks=\toks27
\ex@=\dimen130
))
(/usr/local/texlive/2015/texmf-dist/tex/latex/amsmath/amsbsy.sty
Package: amsbsy 1999/11/29 v1.2d
\pmbraise@=\dimen131
)
(/usr/local/texlive/2015/texmf-dist/tex/latex/amsmath/amsopn.sty
Package: amsopn 1999/12/14 v2.01 operator names
)
\inf@bad=\count108
LaTeX Info: Redefining \frac on input line 210.
\uproot@=\count109
\leftroot@=\count110
LaTeX Info: Redefining \overline on input line 306.
\classnum@=\count111
\DOTSCASE@=\count112
LaTeX Info: Redefining \ldots on input line 378.
LaTeX Info: Redefining \dots on input line 381.
LaTeX Info: Redefining \cdots on input line 466.
\Mathstrutbox@=\box29
\strutbox@=\box30
\big@size=\dimen132
LaTeX Font Info:    Redeclaring font encoding OML on input line 566.
LaTeX Font Info:    Redeclaring font encoding OMS on input line 567.
\macc@depth=\count113
\c@MaxMatrixCols=\count114
\dotsspace@=\muskip11
\c@parentequation=\count115
\dspbrk@lvl=\count116
\tag@help=\toks28
\row@=\count117
\column@=\count118
\maxfields@=\count119
\andhelp@=\toks29
\eqnshift@=\dimen133
\alignsep@=\dimen134
\tagshift@=\dimen135
\tagwidth@=\dimen136
\totwidth@=\dimen137
\lineht@=\dimen138
\@envbody=\toks30
\multlinegap=\skip54
\multlinetaggap=\skip55
\mathdisplay@stack=\toks31
LaTeX Info: Redefining \[ on input line 2665.
LaTeX Info: Redefining \] on input line 2666.
)
(/usr/local/texlive/2015/texmf-dist/tex/latex/amsfonts/amssymb.sty
Package: amssymb 2013/01/14 v3.01 AMS font symbols

(/usr/local/texlive/2015/texmf-dist/tex/latex/amsfonts/amsfonts.sty
Package: amsfonts 2013/01/14 v3.01 Basic AMSFonts support
\symAMSa=\mathgroup4
\symAMSb=\mathgroup5
LaTeX Font Info:    Overwriting math alphabet `\mathfrak' in version `bold'
(Font)                  U/euf/m/n --> U/euf/b/n on input line 106.
))
(/usr/local/texlive/2015/texmf-dist/tex/latex/jknapltx/mathrsfs.sty
Package: mathrsfs 1996/01/01 Math RSFS package v1.0 (jk)
\symrsfs=\mathgroup6
)
(/usr/local/texlive/2015/texmf-dist/tex/latex/oberdiek/selinput.sty
Package: selinput 2007/09/09 v1.2 Semi-automatic input encoding detection (HO)

(/usr/local/texlive/2015/texmf-dist/tex/generic/oberdiek/stringenc.sty
Package: stringenc 2011/12/02 v1.10 Convert strings between diff. encodings (HO
)
))
(/usr/local/texlive/2015/texmf-dist/tex/latex/oberdiek/ix-name.def
File: ix-name.def 2011/05/27 v1.10 Name list (inputenx)
)
(/usr/local/texlive/2015/texmf-dist/tex/generic/oberdiek/se-utf8.def
File: se-utf8.def 2011/12/02 v1.10 stringenc: UTF-8
)
(/usr/local/texlive/2015/texmf-dist/tex/generic/oberdiek/se-iso-8859-1.def
File: se-iso-8859-1.def 2011/12/02 v1.10 stringenc: ISO-8859-1
)
(/usr/local/texlive/2015/texmf-dist/tex/latex/oberdiek/x-iso-8859-1.def
File: x-iso-8859-1.def 2011/05/27 v1.10 Input encoding iso-8859-1 (inputenx)
)
Package selinput Info: Encoding `x-iso-8859-1' selected on input line 30.

(/usr/local/texlive/2015/texmf-dist/tex/latex/setspace/setspace.sty
Package: setspace 2011/12/19 v6.7a set line spacing
)
(/usr/local/texlive/2015/texmf-dist/tex/latex/chngcntr/chngcntr.sty
Package: chngcntr 2009/09/02 v1.0a change counter resetting
)
Package tocbasic Info: defining new hook after heading of `lof' on input line 4
4.
Package tocbasic Info: defining new hook after heading of `toc' on input line 4
5.

(/usr/local/texlive/2015/texmf-dist/tex/latex/oberdiek/x-iso-8859-1.def
File: x-iso-8859-1.def 2011/05/27 v1.10 Input encoding iso-8859-1 (inputenx)
)
Package selinput Info: Encoding `x-iso-8859-1' selected on input line 51.

(./Projekt Netzwerk-Infrastrukturen WS2017 Donnerstag Gruppe 4 Labreport Part 3
-5.aux)
\openout1 = `"Projekt Netzwerk-Infrastrukturen WS2017 Donnerstag Gruppe 4 Labre
port Part 3-5.aux"'.

LaTeX Font Info:    Checking defaults for OML/cmm/m/it on input line 65.
LaTeX Font Info:    ... okay on input line 65.
LaTeX Font Info:    Checking defaults for T1/cmr/m/n on input line 65.
LaTeX Font Info:    ... okay on input line 65.
LaTeX Font Info:    Checking defaults for OT1/cmr/m/n on input line 65.
LaTeX Font Info:    ... okay on input line 65.
LaTeX Font Info:    Checking defaults for OMS/cmsy/m/n on input line 65.
LaTeX Font Info:    ... okay on input line 65.
LaTeX Font Info:    Checking defaults for OMX/cmex/m/n on input line 65.
LaTeX Font Info:    ... okay on input line 65.
LaTeX Font Info:    Checking defaults for U/cmr/m/n on input line 65.
LaTeX Font Info:    ... okay on input line 65.
LaTeX Font Info:    Checking defaults for PD1/pdf/m/n on input line 65.
LaTeX Font Info:    ... okay on input line 65.
LaTeX Font Info:    Try loading font information for T1+cmss on input line 65.
 (/usr/local/texlive/2015/texmf-dist/tex/latex/base/t1cmss.fd
File: t1cmss.fd 2014/09/29 v2.5h Standard LaTeX font definitions
)
*geometry* driver: auto-detecting
*geometry* detected driver: pdftex
*geometry* verbose mode - [ preamble ] result:
* driver: pdftex
* paper: a4paper
* layout: <same size as paper>
* layoutoffset:(h,v)=(0.0pt,0.0pt)
* modes: 
* h-part:(L,W,R)=(89.62709pt, 418.25368pt, 89.6271pt)
* v-part:(T,H,B)=(101.40665pt, 591.5302pt, 152.11pt)
* \paperwidth=597.50787pt
* \paperheight=845.04684pt
* \textwidth=418.25368pt
* \textheight=591.5302pt
* \oddsidemargin=17.3571pt
* \evensidemargin=17.3571pt
* \topmargin=-10.73834pt
* \headheight=18.125pt
* \headsep=21.75pt
* \topskip=12.0pt
* \footskip=50.75pt
* \marginparwidth=49.79233pt
* \marginparsep=12.8401pt
* \columnsep=10.0pt
* \skip\footins=10.8pt plus 4.0pt minus 2.0pt
* \hoffset=0.0pt
* \voffset=0.0pt
* \mag=1000
* \@twocolumnfalse
* \@twosidefalse
* \@mparswitchfalse
* \@reversemarginfalse
* (1in=72.27pt=25.4mm, 1cm=28.453pt)

(/usr/local/texlive/2015/texmf-dist/tex/context/base/supp-pdf.mkii
[Loading MPS to PDF converter (version 2006.09.02).]
\scratchcounter=\count120
\scratchdimen=\dimen139
\scratchbox=\box31
\nofMPsegments=\count121
\nofMParguments=\count122
\everyMPshowfont=\toks32
\MPscratchCnt=\count123
\MPscratchDim=\dimen140
\MPnumerator=\count124
\makeMPintoPDFobject=\count125
\everyMPtoPDFconversion=\toks33
) (/usr/local/texlive/2015/texmf-dist/tex/latex/oberdiek/epstopdf-base.sty
Package: epstopdf-base 2010/02/09 v2.5 Base part for package epstopdf

(/usr/local/texlive/2015/texmf-dist/tex/latex/oberdiek/grfext.sty
Package: grfext 2010/08/19 v1.1 Manage graphics extensions (HO)
)
Package grfext Info: Graphics extension search list:
(grfext)             [.png,.pdf,.jpg,.mps,.jpeg,.jbig2,.jb2,.PNG,.PDF,.JPG,.JPE
G,.JBIG2,.JB2,.eps]
(grfext)             \AppendGraphicsExtensions on input line 452.

(/usr/local/texlive/2015/texmf-dist/tex/latex/latexconfig/epstopdf-sys.cfg
File: epstopdf-sys.cfg 2010/07/13 v1.3 Configuration of (r)epstopdf for TeX Liv
e
))
Package caption Info: Begin \AtBeginDocument code.
Package caption Info: hyperref package is loaded.
Package caption Info: End \AtBeginDocument code.
\AtBeginShipoutBox=\box32
Package hyperref Info: Link coloring ON on input line 65.

(/usr/local/texlive/2015/texmf-dist/tex/latex/hyperref/nameref.sty
Package: nameref 2012/10/27 v2.43 Cross-referencing by name of section

(/usr/local/texlive/2015/texmf-dist/tex/generic/oberdiek/gettitlestring.sty
Package: gettitlestring 2010/12/03 v1.4 Cleanup title references (HO)
)
\c@section@level=\count126
)
LaTeX Info: Redefining \ref on input line 65.
LaTeX Info: Redefining \pageref on input line 65.
LaTeX Info: Redefining \nameref on input line 65.

(./Projekt Netzwerk-Infrastrukturen WS2017 Donnerstag Gruppe 4 Labreport Part 3
-5.out)
(./Projekt Netzwerk-Infrastrukturen WS2017 Donnerstag Gruppe 4 Labreport Part 3
-5.out)
\@outlinefile=\write3
\openout3 = `"Projekt Netzwerk-Infrastrukturen WS2017 Donnerstag Gruppe 4 Labre
port Part 3-5.out"'.

*geometry* verbose mode - [ newgeometry ] result:
* driver: pdftex
* paper: a4paper
* layout: <same size as paper>
* layoutoffset:(h,v)=(0.0pt,0.0pt)
* hratio: 1:1
* vratio: 1:1
* modes: 
* h-part:(L,W,R)=(56.9055pt, 483.69687pt, 56.9055pt)
* v-part:(T,H,B)=(56.9055pt, 731.23584pt, 56.9055pt)
* \paperwidth=597.50787pt
* \paperheight=845.04684pt
* \textwidth=483.69687pt
* \textheight=731.23584pt
* \oddsidemargin=-15.36449pt
* \evensidemargin=-15.36449pt
* \topmargin=-55.23949pt
* \headheight=18.125pt
* \headsep=21.75pt
* \topskip=12.0pt
* \footskip=50.75pt
* \marginparwidth=49.79233pt
* \marginparsep=12.8401pt
* \columnsep=10.0pt
* \skip\footins=10.8pt plus 4.0pt minus 2.0pt
* \hoffset=0.0pt
* \voffset=0.0pt
* \mag=1000
* \@twocolumnfalse
* \@twosidefalse
* \@mparswitchfalse
* \@reversemarginfalse
* (1in=72.27pt=25.4mm, 1cm=28.453pt)



pdfTeX warning: /Library/TeX/texbin/pdflatex (file ./UHH-Logo_2010_Farbe_CMYK.p
df): PDF inclusion: found PDF version <1.6>, but at most version <1.5> allowed
<UHH-Logo_2010_Farbe_CMYK.pdf, id=88, 597.50829pt x 298.75415pt>
File: UHH-Logo_2010_Farbe_CMYK.pdf Graphic file (type pdf)

<use UHH-Logo_2010_Farbe_CMYK.pdf>
Package pdftex.def Info: UHH-Logo_2010_Farbe_CMYK.pdf used on input line 70.
(pdftex.def)             Requested size: 179.25386pt x 89.62692pt.
Package babel Info: Redefining ngerman shorthand "|
(babel)             in language  on input line 91.
Package babel Info: Redefining ngerman shorthand "~
(babel)             in language  on input line 91.
 [1




{/usr/local/texlive/2015/texmf-var/fonts/map/pdftex/updmap/pdftex.map} <./UHH-L
ogo_2010_Farbe_CMYK.pdf>]
(./Projekt Netzwerk-Infrastrukturen WS2017 Donnerstag Gruppe 4 Labreport Part 3
-5.toc
LaTeX Font Info:    Try loading font information for U+msa on input line 4.
 (/usr/local/texlive/2015/texmf-dist/tex/latex/amsfonts/umsa.fd
File: umsa.fd 2013/01/14 v3.01 AMS symbols A
)
LaTeX Font Info:    Try loading font information for U+msb on input line 4.

(/usr/local/texlive/2015/texmf-dist/tex/latex/amsfonts/umsb.fd
File: umsb.fd 2013/01/14 v3.01 AMS symbols B
)
LaTeX Font Info:    Try loading font information for U+rsfs on input line 4.

(/usr/local/texlive/2015/texmf-dist/tex/latex/jknapltx/ursfs.fd
File: ursfs.fd 1998/03/24 rsfs font definition file (jk)
))
\tf@toc=\write4
\openout4 = `"Projekt Netzwerk-Infrastrukturen WS2017 Donnerstag Gruppe 4 Labre
port Part 3-5.toc"'.

Package babel Info: Redefining ngerman shorthand "|
(babel)             in language  on input line 99.
Package babel Info: Redefining ngerman shorthand "~
(babel)             in language  on input line 99.
 [2


]
Package babel Info: Redefining ngerman shorthand "|
(babel)             in language  on input line 99.
Package babel Info: Redefining ngerman shorthand "~
(babel)             in language  on input line 99.

(./Projekt Netzwerk-Infrastrukturen WS2017 Donnerstag Gruppe 4 Labreport Part 3
-5.lof
Package babel Info: Redefining ngerman shorthand "|
(babel)             in language  on input line 29.
Package babel Info: Redefining ngerman shorthand "~
(babel)             in language  on input line 29.
 [3

])
\tf@lof=\write5
\openout5 = `"Projekt Netzwerk-Infrastrukturen WS2017 Donnerstag Gruppe 4 Labre
port Part 3-5.lof"'.

Package babel Info: Redefining ngerman shorthand "|
(babel)             in language  on input line 103.
Package babel Info: Redefining ngerman shorthand "~
(babel)             in language  on input line 103.
 [4]
Package babel Info: Redefining ngerman shorthand "|
(babel)             in language  on input line 104.
Package babel Info: Redefining ngerman shorthand "~
(babel)             in language  on input line 104.
Package babel Info: Redefining ngerman shorthand "|
(babel)             in language  on input line 122.
Package babel Info: Redefining ngerman shorthand "~
(babel)             in language  on input line 122.

<bilder/screens/Part_3/b1.PNG, id=249, 500.62032pt x 490.83376pt>
File: bilder/screens/Part_3/b1.PNG Graphic file (type png)

<use bilder/screens/Part_3/b1.PNG>
Package pdftex.def Info: bilder/screens/Part_3/b1.PNG used on input line 129.
(pdftex.def)             Requested size: 313.69025pt x 307.57172pt.

Underfull \hbox (badness 10000) in paragraph at lines 123--132

 []

Package babel Info: Redefining ngerman shorthand "|
(babel)             in language  on input line 133.
Package babel Info: Redefining ngerman shorthand "~
(babel)             in language  on input line 133.
[5

]
LaTeX Font Info:    Try loading font information for T1+cmtt on input line 134.

 (/usr/local/texlive/2015/texmf-dist/tex/latex/base/t1cmtt.fd
File: t1cmtt.fd 2014/09/29 v2.5h Standard LaTeX font definitions
)
<bilder/screens/Part_3/b2.png, id=255, 389.2944pt x 38.0622pt>
File: bilder/screens/Part_3/b2.png Graphic file (type png)

<use bilder/screens/Part_3/b2.png>
Package pdftex.def Info: bilder/screens/Part_3/b2.png used on input line 138.
(pdftex.def)             Requested size: 313.69025pt x 30.67105pt.

<bilder/screens/Part_3/b3.png, id=256, 449.5194pt x 64.0794pt>
File: bilder/screens/Part_3/b3.png Graphic file (type png)

<use bilder/screens/Part_3/b3.png>
Package pdftex.def Info: bilder/screens/Part_3/b3.png used on input line 147.
(pdftex.def)             Requested size: 313.69025pt x 44.71837pt.
Package babel Info: Redefining ngerman shorthand "|
(babel)             in language  on input line 151.
Package babel Info: Redefining ngerman shorthand "~
(babel)             in language  on input line 151.
 [6 <./bilder/screens/Part_3/b1.PNG> <./bilder/screens/Part_3/b2.png>]
<bilder/screens/Part_3/b4.png, id=264, 437.38406pt x 118.94438pt>
File: bilder/screens/Part_3/b4.png Graphic file (type png)

<use bilder/screens/Part_3/b4.png>
Package pdftex.def Info: bilder/screens/Part_3/b4.png used on input line 156.
(pdftex.def)             Requested size: 313.69025pt x 85.30774pt.

<bilder/screens/Part_3/b5.png, id=265, 453.19313pt x 123.46124pt>
File: bilder/screens/Part_3/b5.png Graphic file (type png)

<use bilder/screens/Part_3/b5.png>
Package pdftex.def Info: bilder/screens/Part_3/b5.png used on input line 164.
(pdftex.def)             Requested size: 313.69025pt x 85.45772pt.

<bilder/screens/Part_3/b6_1.png, id=266, 326.1786pt x 82.8696pt>
File: bilder/screens/Part_3/b6_1.png Graphic file (type png)

<use bilder/screens/Part_3/b6_1.png>
Package pdftex.def Info: bilder/screens/Part_3/b6_1.png used on input line 173.

(pdftex.def)             Requested size: 313.69025pt x 79.70183pt.

Overfull \hbox (3.74313pt too wide) in paragraph at lines 169--176
\T1/cmss/m/n/12 Zuerst er-stel-len wir einen Ord-ner mit # mkdir /dvdrom im Ver
-zeich-nis /etc/yum.repos.d 
 []

Package babel Info: Redefining ngerman shorthand "|
(babel)             in language  on input line 176.
Package babel Info: Redefining ngerman shorthand "~
(babel)             in language  on input line 176.
[7 <./bilder/screens/Part_3/b3.png> <./bilder/screens/Part_3/b4.png> <./bilder/
screens/Part_3/b5.png>]
<bilder/screens/Part_3/b6_2.png, id=275, 455.301pt x 27.9444pt>
File: bilder/screens/Part_3/b6_2.png Graphic file (type png)

<use bilder/screens/Part_3/b6_2.png>
Package pdftex.def Info: bilder/screens/Part_3/b6_2.png used on input line 180.

(pdftex.def)             Requested size: 313.69025pt x 19.2535pt.

Overfull \hbox (11.77599pt too wide) in paragraph at lines 177--183
[]\T1/cmss/m/n/12 Zuletzt moun-ten wir das Ver-zeich-nis mit dem Be-fehl # moun
t -t iso9660/dev/sr0/dvdrom 
 []

<bilder/screens/Part_3/b6_3.png, id=276, 455.301pt x 136.3494pt>
File: bilder/screens/Part_3/b6_3.png Graphic file (type png)

<use bilder/screens/Part_3/b6_3.png>
Package pdftex.def Info: bilder/screens/Part_3/b6_3.png used on input line 187.

(pdftex.def)             Requested size: 313.69025pt x 93.94385pt.

<bilder/screens/Part_3/b6_4.png, id=277, 455.301pt x 216.3282pt>
File: bilder/screens/Part_3/b6_4.png Graphic file (type png)

<use bilder/screens/Part_3/b6_4.png>
Package pdftex.def Info: bilder/screens/Part_3/b6_4.png used on input line 194.

(pdftex.def)             Requested size: 313.69025pt x 149.04875pt.
Package babel Info: Redefining ngerman shorthand "|
(babel)             in language  on input line 197.
Package babel Info: Redefining ngerman shorthand "~
(babel)             in language  on input line 197.
 [8 <./bilder/screens/Part_3/b6_1.png> <./bilder/screens/Part_3/b6_2.png> <./bi
lder/screens/Part_3/b6_3.png>]
<bilder/screens/Part_3/b6_5.png, id=285, 433.1382pt x 28.908pt>
File: bilder/screens/Part_3/b6_5.png Graphic file (type png)

<use bilder/screens/Part_3/b6_5.png>
Package pdftex.def Info: bilder/screens/Part_3/b6_5.png used on input line 201.

(pdftex.def)             Requested size: 313.69025pt x 20.93636pt.

<bilder/screens/Part_3/b6_6.png, id=286, 382.42876pt x 63.98906pt>
File: bilder/screens/Part_3/b6_6.png Graphic file (type png)

<use bilder/screens/Part_3/b6_6.png>
Package pdftex.def Info: bilder/screens/Part_3/b6_6.png used on input line 208.

(pdftex.def)             Requested size: 313.69025pt x 52.4899pt.

<bilder/screens/Part_3/b6_7.png, id=287, 285.7074pt x 168.63pt>
File: bilder/screens/Part_3/b6_7.png Graphic file (type png)

<use bilder/screens/Part_3/b6_7.png>
Package pdftex.def Info: bilder/screens/Part_3/b6_7.png used on input line 214.

(pdftex.def)             Requested size: 313.69025pt x 185.15648pt.
Package babel Info: Redefining ngerman shorthand "|
(babel)             in language  on input line 218.
Package babel Info: Redefining ngerman shorthand "~
(babel)             in language  on input line 218.
 [9 <./bilder/screens/Part_3/b6_4.png> <./bilder/screens/Part_3/b6_5.png> <./bi
lder/screens/Part_3/b6_6.png>]
<bilder/screens/Part_3/b6_8.png, id=295, 437.38406pt x 361.35pt>
File: bilder/screens/Part_3/b6_8.png Graphic file (type png)

<use bilder/screens/Part_3/b6_8.png>
Package pdftex.def Info: bilder/screens/Part_3/b6_8.png used on input line 221.

(pdftex.def)             Requested size: 313.69025pt x 259.16278pt.
Package babel Info: Redefining ngerman shorthand "|
(babel)             in language  on input line 225.
Package babel Info: Redefining ngerman shorthand "~
(babel)             in language  on input line 225.
 [10 <./bilder/screens/Part_3/b6_7.png>]
<bilder/screens/Part_3/b7.png, id=301, 965.85844pt x 481.8pt>
File: bilder/screens/Part_3/b7.png Graphic file (type png)

<use bilder/screens/Part_3/b7.png>
Package pdftex.def Info: bilder/screens/Part_3/b7.png used on input line 228.
(pdftex.def)             Requested size: 313.69025pt x 156.48021pt.

<bilder/screens/Part_3/b7_2.png, id=302, 307.1475pt x 23.33719pt>
File: bilder/screens/Part_3/b7_2.png Graphic file (type png)

<use bilder/screens/Part_3/b7_2.png>
Package pdftex.def Info: bilder/screens/Part_3/b7_2.png used on input line 235.

(pdftex.def)             Requested size: 313.69025pt x 23.83563pt.
Package babel Info: Redefining ngerman shorthand "|
(babel)             in language  on input line 238.
Package babel Info: Redefining ngerman shorthand "~
(babel)             in language  on input line 238.
 [11 <./bilder/screens/Part_3/b6_8.png> <./bilder/screens/Part_3/b7.png>]
<bilder/screens/Part_3/b8_1.png, id=309, 338.2236pt x 14.9358pt>
File: bilder/screens/Part_3/b8_1.png Graphic file (type png)

<use bilder/screens/Part_3/b8_1.png>
Package pdftex.def Info: bilder/screens/Part_3/b8_1.png used on input line 244.

(pdftex.def)             Requested size: 313.69025pt x 13.85252pt.

<bilder/screens/Part_3/b8_2.png, id=310, 435.5472pt x 13.9722pt>
File: bilder/screens/Part_3/b8_2.png Graphic file (type png)

<use bilder/screens/Part_3/b8_2.png>
Package pdftex.def Info: bilder/screens/Part_3/b8_2.png used on input line 252.

(pdftex.def)             Requested size: 313.69025pt x 10.06335pt.

<bilder/screens/Part_3/b8_3.png, id=311, 367.1316pt x 13.0086pt>
File: bilder/screens/Part_3/b8_3.png Graphic file (type png)

<use bilder/screens/Part_3/b8_3.png>
Package pdftex.def Info: bilder/screens/Part_3/b8_3.png used on input line 260.

(pdftex.def)             Requested size: 313.69025pt x 11.11511pt.

Overfull \hbox (1.4578pt too wide) in paragraph at lines 257--263
[]\T1/cmss/m/n/12 Anschlieÿend wer-den mit dem Be-fehl "# []\T1/cmtt/m/n/12 chk
config --level 2345 vsftpd off\T1/cmss/m/n/12 "die
 []

<bilder/screens/Part_3/b8_4.png, id=312, 423.5022pt x 14.9358pt>
File: bilder/screens/Part_3/b8_4.png Graphic file (type png)

<use bilder/screens/Part_3/b8_4.png>
Package pdftex.def Info: bilder/screens/Part_3/b8_4.png used on input line 268.

(pdftex.def)             Requested size: 313.69025pt x 11.063pt.

<bilder/screens/Part_3/b10.png, id=313, 476.53032pt x 102.3825pt>
File: bilder/screens/Part_3/b10.png Graphic file (type png)

<use bilder/screens/Part_3/b10.png>
Package pdftex.def Info: bilder/screens/Part_3/b10.png used on input line 281.
(pdftex.def)             Requested size: 313.69025pt x 67.39925pt.
Package babel Info: Redefining ngerman shorthand "|
(babel)             in language  on input line 284.
Package babel Info: Redefining ngerman shorthand "~
(babel)             in language  on input line 284.
 [12 <./bilder/screens/Part_3/b7_2.png> <./bilder/screens/Part_3/b8_1.png> <./b
ilder/screens/Part_3/b8_2.png> <./bilder/screens/Part_3/b8_3.png> <./bilder/scr
eens/Part_3/b8_4.png>]
Package babel Info: Redefining ngerman shorthand "|
(babel)             in language  on input line 287.
Package babel Info: Redefining ngerman shorthand "~
(babel)             in language  on input line 287.
Package babel Info: Redefining ngerman shorthand "|
(babel)             in language  on input line 290.
Package babel Info: Redefining ngerman shorthand "~
(babel)             in language  on input line 290.
Package babel Info: Redefining ngerman shorthand "|
(babel)             in language  on input line 293.
Package babel Info: Redefining ngerman shorthand "~
(babel)             in language  on input line 293.
Package babel Info: Redefining ngerman shorthand "|
(babel)             in language  on input line 295.
Package babel Info: Redefining ngerman shorthand "~
(babel)             in language  on input line 295.
 [13 <./bilder/screens/Part_3/b10.png>]
Package babel Info: Redefining ngerman shorthand "|
(babel)             in language  on input line 295.
Package babel Info: Redefining ngerman shorthand "~
(babel)             in language  on input line 295.
 [14]
Package babel Info: Redefining ngerman shorthand "|
(babel)             in language  on input line 296.
Package babel Info: Redefining ngerman shorthand "~
(babel)             in language  on input line 296.

<bilder/screens/Part_4/lan.PNG, id=333, 581.17125pt x 618.31pt>
File: bilder/screens/Part_4/lan.PNG Graphic file (type png)

<use bilder/screens/Part_4/lan.PNG>
Package pdftex.def Info: bilder/screens/Part_4/lan.PNG used on input line 300.
(pdftex.def)             Requested size: 501.90312pt x 533.98167pt.

Overfull \hbox (83.64944pt too wide) in paragraph at lines 300--301
 [] 
 []

Package babel Info: Redefining ngerman shorthand "|
(babel)             in language  on input line 304.
Package babel Info: Redefining ngerman shorthand "~
(babel)             in language  on input line 304.
[15

]
Package babel Info: Redefining ngerman shorthand "|
(babel)             in language  on input line 304.
Package babel Info: Redefining ngerman shorthand "~
(babel)             in language  on input line 304.
 [16]
Overfull \vbox (41.95198pt too high) has occurred while \output is active []

Package babel Info: Redefining ngerman shorthand "|
(babel)             in language  on input line 304.
Package babel Info: Redefining ngerman shorthand "~
(babel)             in language  on input line 304.

[17 <./bilder/screens/Part_4/lan.PNG>]
Package babel Info: Redefining ngerman shorthand "|
(babel)             in language  on input line 306.
Package babel Info: Redefining ngerman shorthand "~
(babel)             in language  on input line 306.

Underfull \hbox (badness 10000) in paragraph at lines 308--314

 []


Underfull \hbox (badness 10000) in paragraph at lines 308--314

 []


Underfull \hbox (badness 10000) in paragraph at lines 308--314

 []


Underfull \hbox (badness 10000) in paragraph at lines 315--316

 []

<bilder/screens/Part_4/Exercise_1/z64.PNG, id=348, 764.8575pt x 535.2497pt>
File: bilder/screens/Part_4/Exercise_1/z64.PNG Graphic file (type png)

<use bilder/screens/Part_4/Exercise_1/z64.PNG>
Package pdftex.def Info: bilder/screens/Part_4/Exercise_1/z64.PNG used on input
 line 325.
(pdftex.def)             Requested size: 230.04079pt x 160.9845pt.

<bilder/screens/Part_4/Exercise_1/z96.PNG, id=349, 765.6103pt x 535.2497pt>
File: bilder/screens/Part_4/Exercise_1/z96.PNG Graphic file (type png)

<use bilder/screens/Part_4/Exercise_1/z96.PNG>
Package pdftex.def Info: bilder/screens/Part_4/Exercise_1/z96.PNG used on input
 line 336.
(pdftex.def)             Requested size: 230.04079pt x 160.82115pt.
Package babel Info: Redefining ngerman shorthand "|
(babel)             in language  on input line 340.
Package babel Info: Redefining ngerman shorthand "~
(babel)             in language  on input line 340.
 [18 <./bilder/screens/Part_4/Exercise_1/z64.PNG>]
<bilder/screens/Part_4/Exercise_1/z128.PNG, id=355, 761.84625pt x 536.0025pt>
File: bilder/screens/Part_4/Exercise_1/z128.PNG Graphic file (type png)

<use bilder/screens/Part_4/Exercise_1/z128.PNG>
Package pdftex.def Info: bilder/screens/Part_4/Exercise_1/z128.PNG used on inpu
t line 347.
(pdftex.def)             Requested size: 230.04079pt x 161.84068pt.

<bilder/screens/Part_4/Exercise_1/z160.PNG, id=356, 767.11594pt x 534.49687pt>
File: bilder/screens/Part_4/Exercise_1/z160.PNG Graphic file (type png)

<use bilder/screens/Part_4/Exercise_1/z160.PNG>
Package pdftex.def Info: bilder/screens/Part_4/Exercise_1/z160.PNG used on inpu
t line 358.
(pdftex.def)             Requested size: 230.04079pt x 160.27689pt.
Package babel Info: Redefining ngerman shorthand "|
(babel)             in language  on input line 362.
Package babel Info: Redefining ngerman shorthand "~
(babel)             in language  on input line 362.
 [19 <./bilder/screens/Part_4/Exercise_1/z96.PNG> <./bilder/screens/Part_4/Exer
cise_1/z128.PNG>]
<bilder/screens/Part_4/Exercise_1/z32.PNG, id=364, 764.8575pt x 536.75531pt>
File: bilder/screens/Part_4/Exercise_1/z32.PNG Graphic file (type png)

<use bilder/screens/Part_4/Exercise_1/z32.PNG>
Package pdftex.def Info: bilder/screens/Part_4/Exercise_1/z32.PNG used on input
 line 369.
(pdftex.def)             Requested size: 230.04079pt x 161.43733pt.

<bilder/screens/Part_4/Exercise_1/zAlle.PNG, id=365, 1263.21938pt x 768.62157pt
>
File: bilder/screens/Part_4/Exercise_1/zAlle.PNG Graphic file (type png)
 <use bilder/screens/Part_4/Exercise_1/zAlle.PNG>
Package pdftex.def Info: bilder/screens/Part_4/Exercise_1/zAlle.PNG used on inp
ut line 378.
(pdftex.def)             Requested size: 230.04079pt x 139.9644pt.
Package babel Info: Redefining ngerman shorthand "|
(babel)             in language  on input line 382.
Package babel Info: Redefining ngerman shorthand "~
(babel)             in language  on input line 382.
 [20 <./bilder/screens/Part_4/Exercise_1/z160.PNG> <./bilder/screens/Part_4/Exe
rcise_1/z32.PNG>]
Package babel Info: Redefining ngerman shorthand "|
(babel)             in language  on input line 386.
Package babel Info: Redefining ngerman shorthand "~
(babel)             in language  on input line 386.

Underfull \hbox (badness 10000) in paragraph at lines 388--389

 []


Underfull \hbox (badness 10000) in paragraph at lines 390--400

 []


Underfull \hbox (badness 10000) in paragraph at lines 401--402

 []

Package babel Info: Redefining ngerman shorthand "|
(babel)             in language  on input line 404.
Package babel Info: Redefining ngerman shorthand "~
(babel)             in language  on input line 404.
[21 <./bilder/screens/Part_4/Exercise_1/zAlle.PNG>]
<bilder/screens/Part_4/Exercise_2/Q1.PNG, id=377, 826.58812pt x 286.06876pt>
File: bilder/screens/Part_4/Exercise_2/Q1.PNG Graphic file (type png)

<use bilder/screens/Part_4/Exercise_2/Q1.PNG>
Package pdftex.def Info: bilder/screens/Part_4/Exercise_2/Q1.PNG used on input 
line 407.
(pdftex.def)             Requested size: 271.86234pt x 94.08868pt.

Underfull \hbox (badness 10000) in paragraph at lines 412--413

 []


<bilder/screens/Part_4/Exercise_2/Q2/Q21.PNG, id=378, 557.08125pt x 329.73187pt
>
File: bilder/screens/Part_4/Exercise_2/Q2/Q21.PNG Graphic file (type png)
 <use bilder/screens/Part_4/Exercise_2/Q2/Q21.PNG>
Package pdftex.def Info: bilder/screens/Part_4/Exercise_2/Q2/Q21.PNG used on in
put line 418.
(pdftex.def)             Requested size: 209.12683pt x 123.77995pt.

<bilder/screens/Part_4/Exercise_2/Q2/Q23.PNG, id=379, 667.74469pt x 328.22626pt
>
File: bilder/screens/Part_4/Exercise_2/Q2/Q23.PNG Graphic file (type png)
 <use bilder/screens/Part_4/Exercise_2/Q2/Q23.PNG>
Package pdftex.def Info: bilder/screens/Part_4/Exercise_2/Q2/Q23.PNG used on in
put line 425.
(pdftex.def)             Requested size: 209.12683pt x 102.79582pt.
Package babel Info: Redefining ngerman shorthand "|
(babel)             in language  on input line 429.
Package babel Info: Redefining ngerman shorthand "~
(babel)             in language  on input line 429.
 [22 <./bilder/screens/Part_4/Exercise_2/Q1.PNG> <./bilder/screens/Part_4/Exerc
ise_2/Q2/Q21.PNG>]
Underfull \hbox (badness 10000) in paragraph at lines 430--431

 []


Underfull \hbox (badness 10000) in paragraph at lines 432--433

 []

<bilder/screens/Part_4/Exercise_2/Q3.PNG, id=386, 825.0825pt x 194.22563pt>
File: bilder/screens/Part_4/Exercise_2/Q3.PNG Graphic file (type png)

<use bilder/screens/Part_4/Exercise_2/Q3.PNG>
Package pdftex.def Info: bilder/screens/Part_4/Exercise_2/Q3.PNG used on input 
line 438.
(pdftex.def)             Requested size: 313.69025pt x 73.84206pt.

Underfull \hbox (badness 10000) in paragraph at lines 443--444

 []

<bilder/screens/Part_4/Exercise_2/Q4.PNG, id=387, 827.34094pt x 314.67563pt>
File: bilder/screens/Part_4/Exercise_2/Q4.PNG Graphic file (type png)

<use bilder/screens/Part_4/Exercise_2/Q4.PNG>
Package pdftex.def Info: bilder/screens/Part_4/Exercise_2/Q4.PNG used on input 
line 449.
(pdftex.def)             Requested size: 250.95476pt x 95.45015pt.
Package babel Info: Redefining ngerman shorthand "|
(babel)             in language  on input line 453.
Package babel Info: Redefining ngerman shorthand "~
(babel)             in language  on input line 453.
 [23 <./bilder/screens/Part_4/Exercise_2/Q2/Q23.PNG> <./bilder/screens/Part_4/E
xercise_2/Q3.PNG>]
Underfull \hbox (badness 10000) in paragraph at lines 454--455

 []

<bilder/screens/Part_4/Exercise_2/Q5.PNG, id=394, 828.84656pt x 140.02313pt>
File: bilder/screens/Part_4/Exercise_2/Q5.PNG Graphic file (type png)

<use bilder/screens/Part_4/Exercise_2/Q5.PNG>
Package pdftex.def Info: bilder/screens/Part_4/Exercise_2/Q5.PNG used on input 
line 460.
(pdftex.def)             Requested size: 292.77629pt x 49.45964pt.

Underfull \hbox (badness 10000) in paragraph at lines 465--466

 []

<bilder/screens/Part_4/Exercise_2/Q6.PNG, id=395, 822.07124pt x 138.5175pt>
File: bilder/screens/Part_4/Exercise_2/Q6.PNG Graphic file (type png)

<use bilder/screens/Part_4/Exercise_2/Q6.PNG>
Package pdftex.def Info: bilder/screens/Part_4/Exercise_2/Q6.PNG used on input 
line 471.
(pdftex.def)             Requested size: 292.77629pt x 49.33151pt.

Overfull \hbox (2.30568pt too wide) in paragraph at lines 476--477
[]\T1/cmss/bx/n/12 Question 7: \T1/cmss/m/n/12 Plea-se ty-pe and ex-plain the n
map com-mand: nmap -sP -PS80 10.88.X.?/Z 
 []


Underfull \hbox (badness 10000) in paragraph at lines 476--477

 []

Package babel Info: Redefining ngerman shorthand "|
(babel)             in language  on input line 477.
Package babel Info: Redefining ngerman shorthand "~
(babel)             in language  on input line 477.
[24 <./bilder/screens/Part_4/Exercise_2/Q4.PNG> <./bilder/screens/Part_4/Exerci
se_2/Q5.PNG> <./bilder/screens/Part_4/Exercise_2/Q6.PNG>]
<bilder/screens/Part_4/Exercise_2/Q7.PNG, id=403, 825.0825pt x 206.27063pt>
File: bilder/screens/Part_4/Exercise_2/Q7.PNG Graphic file (type png)

<use bilder/screens/Part_4/Exercise_2/Q7.PNG>
Package pdftex.def Info: bilder/screens/Part_4/Exercise_2/Q7.PNG used on input 
line 482.
(pdftex.def)             Requested size: 292.77629pt x 73.19353pt.

Overfull \hbox (6.87402pt too wide) in paragraph at lines 487--488
[]\T1/cmss/bx/n/12 Question 8: \T1/cmss/m/n/12 Plea-se ty-pe and ex-plain the n
map com-mand: nmap -sP -PS53 10.88.X.?/27 
 []


Underfull \hbox (badness 10000) in paragraph at lines 487--488

 []

<bilder/screens/Part_4/Exercise_2/Q8.PNG, id=404, 826.58812pt x 207.77625pt>
File: bilder/screens/Part_4/Exercise_2/Q8.PNG Graphic file (type png)

<use bilder/screens/Part_4/Exercise_2/Q8.PNG>
Package pdftex.def Info: bilder/screens/Part_4/Exercise_2/Q8.PNG used on input 
line 493.
(pdftex.def)             Requested size: 292.77629pt x 73.59462pt.

Underfull \hbox (badness 10000) in paragraph at lines 498--499

 []

Package babel Info: Redefining ngerman shorthand "|
(babel)             in language  on input line 501.
Package babel Info: Redefining ngerman shorthand "~
(babel)             in language  on input line 501.
[25 <./bilder/screens/Part_4/Exercise_2/Q7.PNG> <./bilder/screens/Part_4/Exerci
se_2/Q8.PNG>]
<bilder/screens/Part_4/Exercise_2/Q9.PNG, id=412, 828.09375pt x 313.9228pt>
File: bilder/screens/Part_4/Exercise_2/Q9.PNG Graphic file (type png)

<use bilder/screens/Part_4/Exercise_2/Q9.PNG>
Package pdftex.def Info: bilder/screens/Part_4/Exercise_2/Q9.PNG used on input 
line 504.
(pdftex.def)             Requested size: 292.77629pt x 110.9907pt.

Underfull \hbox (badness 10000) in paragraph at lines 509--510

 []

<bilder/screens/Part_4/Exercise_2/Q10.PNG, id=413, 825.0825pt x 220.57407pt>
File: bilder/screens/Part_4/Exercise_2/Q10.PNG Graphic file (type png)

<use bilder/screens/Part_4/Exercise_2/Q10.PNG>
Package pdftex.def Info: bilder/screens/Part_4/Exercise_2/Q10.PNG used on input
 line 515.
(pdftex.def)             Requested size: 292.77629pt x 78.269pt.
Package babel Info: Redefining ngerman shorthand "|
(babel)             in language  on input line 521.
Package babel Info: Redefining ngerman shorthand "~
(babel)             in language  on input line 521.

Underfull \hbox (badness 10000) in paragraph at lines 523--524

 []


Underfull \hbox (badness 10000) in paragraph at lines 525--532

 []

Package babel Info: Redefining ngerman shorthand "|
(babel)             in language  on input line 532.
Package babel Info: Redefining ngerman shorthand "~
(babel)             in language  on input line 532.
[26 <./bilder/screens/Part_4/Exercise_2/Q9.PNG> <./bilder/screens/Part_4/Exerci
se_2/Q10.PNG>]
Overfull \hbox (7.6874pt too wide) in paragraph at lines 533--543
\T1/cmss/m/n/12 https://www.tenable.com/products/nessus/select-your-operating-s
ystem#tos h. # rpm
 []


Underfull \hbox (badness 10000) in paragraph at lines 533--543

 []


Overfull \hbox (21.42169pt too wide) in paragraph at lines 544--551
[]\T1/cmss/m/n/12 1.) Dow-n-load Nes-sus from www.nessus.org (Li-nux Ver-si-on 
Nessus-6.11.2 - es7.x86_64.rpm) 
 []


Underfull \hbox (badness 10000) in paragraph at lines 544--551

 []


Underfull \hbox (badness 10000) in paragraph at lines 552--553

 []

Package babel Info: Redefining ngerman shorthand "|
(babel)             in language  on input line 553.
Package babel Info: Redefining ngerman shorthand "~
(babel)             in language  on input line 553.
[27]
Underfull \hbox (badness 10000) in paragraph at lines 554--555

 []


Underfull \hbox (badness 10000) in paragraph at lines 556--558

 []


Overfull \hbox (40.89354pt too wide) in paragraph at lines 559--560
[]\T1/cmss/m/n/12 Zunächst geht man zur fol-gen-den Web-sei-te: https://www.ten
able.com/products/nessus/select-
 []


Underfull \hbox (badness 10000) in paragraph at lines 559--560

 []


Underfull \hbox (badness 10000) in paragraph at lines 561--562

 []


Underfull \hbox (badness 10000) in paragraph at lines 563--564

 []


Overfull \hbox (26.30826pt too wide) in paragraph at lines 565--566
[]\T1/cmss/m/n/12 Um die Bi-na-ry zu in-stal-lie-ren wird der Be-fehl: rpm -Uvh
 /home/hanifka/Schreibtisch/Nessus-
 []


<bilder/screens/Part_4/Exercise_3/install_nessus/install_nessus.PNG, id=424, 94
6.28531pt x 259.7203pt>
File: bilder/screens/Part_4/Exercise_3/install_nessus/install_nessus.PNG Graphi
c file (type png)

<use bilder/screens/Part_4/Exercise_3/install_nessus/install_nessus.PNG>
Package pdftex.def Info: bilder/screens/Part_4/Exercise_3/install_nessus/instal
l_nessus.PNG used on input line 569.
(pdftex.def)             Requested size: 292.77629pt x 80.35393pt.
Package babel Info: Redefining ngerman shorthand "|
(babel)             in language  on input line 573.
Package babel Info: Redefining ngerman shorthand "~
(babel)             in language  on input line 573.

[28]
Underfull \hbox (badness 10000) in paragraph at lines 574--575

 []


<bilder/screens/Part_4/Exercise_3/install_nessus/nessus_config.PNG, id=429, 454
.8192pt x 273.1806pt>
File: bilder/screens/Part_4/Exercise_3/install_nessus/nessus_config.PNG Graphic
 file (type png)

<use bilder/screens/Part_4/Exercise_3/install_nessus/nessus_config.PNG>
Package pdftex.def Info: bilder/screens/Part_4/Exercise_3/install_nessus/nessus
_config.PNG used on input line 577.
(pdftex.def)             Requested size: 292.77629pt x 175.85207pt.

<bilder/screens/Part_4/Exercise_3/install_nessus/nessus_config2.PNG, id=430, 45
4.8192pt x 273.1806pt>
File: bilder/screens/Part_4/Exercise_3/install_nessus/nessus_config2.PNG Graphi
c file (type png)

<use bilder/screens/Part_4/Exercise_3/install_nessus/nessus_config2.PNG>
Package pdftex.def Info: bilder/screens/Part_4/Exercise_3/install_nessus/nessus
_config2.PNG used on input line 583.
(pdftex.def)             Requested size: 292.77629pt x 175.85207pt.
Package babel Info: Redefining ngerman shorthand "|
(babel)             in language  on input line 584.
Package babel Info: Redefining ngerman shorthand "~
(babel)             in language  on input line 584.

[29 <./bilder/screens/Part_4/Exercise_3/install_nessus/install_nessus.PNG> <./b
ilder/screens/Part_4/Exercise_3/install_nessus/nessus_config.PNG>]
<bilder/screens/Part_4/Exercise_3/install_nessus/3.PNG, id=437, 816.04875pt x 5
19.44063pt>
File: bilder/screens/Part_4/Exercise_3/install_nessus/3.PNG Graphic file (type 
png)
 <use bilder/screens/Part_4/Exercise_3/install_nessus/3.PNG>
Package pdftex.def Info: bilder/screens/Part_4/Exercise_3/install_nessus/3.PNG 
used on input line 590.
(pdftex.def)             Requested size: 292.77629pt x 186.3644pt.

Underfull \hbox (badness 10000) in paragraph at lines 595--596

 []


<bilder/screens/Part_4/Exercise_3/install_nessus/4.PNG, id=438, 525.46312pt x 3
86.19281pt>
File: bilder/screens/Part_4/Exercise_3/install_nessus/4.PNG Graphic file (type 
png)
 <use bilder/screens/Part_4/Exercise_3/install_nessus/4.PNG>
Package pdftex.def Info: bilder/screens/Part_4/Exercise_3/install_nessus/4.PNG 
used on input line 601.
(pdftex.def)             Requested size: 250.95476pt x 184.43936pt.
Package babel Info: Redefining ngerman shorthand "|
(babel)             in language  on input line 605.
Package babel Info: Redefining ngerman shorthand "~
(babel)             in language  on input line 605.

[30 <./bilder/screens/Part_4/Exercise_3/install_nessus/nessus_config2.PNG> <./b
ilder/screens/Part_4/Exercise_3/install_nessus/3.PNG>]
<bilder/screens/Part_4/Exercise_3/install_nessus/activeKey.PNG, id=445, 453.373
8pt x 189.8292pt>
File: bilder/screens/Part_4/Exercise_3/install_nessus/activeKey.PNG Graphic fil
e (type png)

<use bilder/screens/Part_4/Exercise_3/install_nessus/activeKey.PNG>
Package pdftex.def Info: bilder/screens/Part_4/Exercise_3/install_nessus/active
Key.PNG used on input line 610.
(pdftex.def)             Requested size: 292.77629pt x 122.59384pt.
File: bilder/screens/Part_4/Exercise_3/install_nessus/activeKey.PNG Graphic fil
e (type png)

<use bilder/screens/Part_4/Exercise_3/install_nessus/activeKey.PNG>
Package pdftex.def Info: bilder/screens/Part_4/Exercise_3/install_nessus/active
Key.PNG used on input line 619.
(pdftex.def)             Requested size: 292.77629pt x 122.59384pt.
Package babel Info: Redefining ngerman shorthand "|
(babel)             in language  on input line 623.
Package babel Info: Redefining ngerman shorthand "~
(babel)             in language  on input line 623.
 [31 <./bilder/screens/Part_4/Exercise_3/install_nessus/4.PNG> <./bilder/screen
s/Part_4/Exercise_3/install_nessus/activeKey.PNG>]
Underfull \hbox (badness 10000) in paragraph at lines 624--625

 []


<bilder/screens/Part_4/Exercise_3/install_nessus/5.PNG, id=453, 453.8556pt x 27
4.626pt>
File: bilder/screens/Part_4/Exercise_3/install_nessus/5.PNG Graphic file (type 
png)
 <use bilder/screens/Part_4/Exercise_3/install_nessus/5.PNG>
Package pdftex.def Info: bilder/screens/Part_4/Exercise_3/install_nessus/5.PNG 
used on input line 627.
(pdftex.def)             Requested size: 292.77629pt x 177.15964pt.

<bilder/screens/Part_4/Exercise_3/install_nessus/6.PNG, id=454, 271.76532pt x 2
33.37187pt>
File: bilder/screens/Part_4/Exercise_3/install_nessus/6.PNG Graphic file (type 
png)
 <use bilder/screens/Part_4/Exercise_3/install_nessus/6.PNG>
Package pdftex.def Info: bilder/screens/Part_4/Exercise_3/install_nessus/6.PNG 
used on input line 633.
(pdftex.def)             Requested size: 125.47737pt x 107.75117pt.

Underfull \hbox (badness 10000) in paragraph at lines 636--637

 []

Package babel Info: Redefining ngerman shorthand "|
(babel)             in language  on input line 638.
Package babel Info: Redefining ngerman shorthand "~
(babel)             in language  on input line 638.
[32 <./bilder/screens/Part_4/Exercise_3/install_nessus/5.PNG> <./bilder/screens
/Part_4/Exercise_3/install_nessus/6.PNG>]
Underfull \hbox (badness 10000) in paragraph at lines 638--639

 []


<bilder/screens/Part_4/Exercise_3/install_nessus/7.PNG, id=461, 554.82281pt x 7
2.27pt>
File: bilder/screens/Part_4/Exercise_3/install_nessus/7.PNG Graphic file (type 
png)
 <use bilder/screens/Part_4/Exercise_3/install_nessus/7.PNG>
Package pdftex.def Info: bilder/screens/Part_4/Exercise_3/install_nessus/7.PNG 
used on input line 641.
(pdftex.def)             Requested size: 292.77629pt x 38.13638pt.

<bilder/screens/Part_4/Exercise_3/install_nessus/8.PNG, id=462, 421.0932pt x 18
4.0476pt>
File: bilder/screens/Part_4/Exercise_3/install_nessus/8.PNG Graphic file (type 
png)
 <use bilder/screens/Part_4/Exercise_3/install_nessus/8.PNG>
Package pdftex.def Info: bilder/screens/Part_4/Exercise_3/install_nessus/8.PNG 
used on input line 647.
(pdftex.def)             Requested size: 292.77629pt x 127.97028pt.

<bilder/screens/Part_4/Exercise_3/install_nessus/9.PNG, id=463, 339.1872pt x 26
3.0628pt>
File: bilder/screens/Part_4/Exercise_3/install_nessus/9.PNG Graphic file (type 
png)
 <use bilder/screens/Part_4/Exercise_3/install_nessus/9.PNG>
Package pdftex.def Info: bilder/screens/Part_4/Exercise_3/install_nessus/9.PNG 
used on input line 653.
(pdftex.def)             Requested size: 250.95476pt x 194.63933pt.

Underfull \hbox (badness 10000) in paragraph at lines 656--659

 []

Package babel Info: Redefining ngerman shorthand "|
(babel)             in language  on input line 659.
Package babel Info: Redefining ngerman shorthand "~
(babel)             in language  on input line 659.
[33 <./bilder/screens/Part_4/Exercise_3/install_nessus/7.PNG> <./bilder/screens
/Part_4/Exercise_3/install_nessus/8.PNG> <./bilder/screens/Part_4/Exercise_3/in
stall_nessus/9.PNG>]
Package babel Info: Redefining ngerman shorthand "|
(babel)             in language  on input line 661.
Package babel Info: Redefining ngerman shorthand "~
(babel)             in language  on input line 661.
Package babel Info: Redefining ngerman shorthand "|
(babel)             in language  on input line 663.
Package babel Info: Redefining ngerman shorthand "~
(babel)             in language  on input line 663.
 [34]
Package babel Info: Redefining ngerman shorthand "|
(babel)             in language  on input line 664.
Package babel Info: Redefining ngerman shorthand "~
(babel)             in language  on input line 664.
Package babel Info: Redefining ngerman shorthand "|
(babel)             in language  on input line 667.
Package babel Info: Redefining ngerman shorthand "~
(babel)             in language  on input line 667.
Package babel Info: Redefining ngerman shorthand "|
(babel)             in language  on input line 670.
Package babel Info: Redefining ngerman shorthand "~
(babel)             in language  on input line 670.
Package babel Info: Redefining ngerman shorthand "|
(babel)             in language  on input line 673.
Package babel Info: Redefining ngerman shorthand "~
(babel)             in language  on input line 673.
Package babel Info: Redefining ngerman shorthand "|
(babel)             in language  on input line 676.
Package babel Info: Redefining ngerman shorthand "~
(babel)             in language  on input line 676.

Underfull \hbox (badness 10000) in paragraph at lines 678--679

 []


Underfull \hbox (badness 10000) in paragraph at lines 680--681

 []

<bilder/screens/Part_5/Aufgabe_4/Q1.PNG, id=475, 1056.94875pt x 751.30687pt>
File: bilder/screens/Part_5/Aufgabe_4/Q1.PNG Graphic file (type png)

<use bilder/screens/Part_5/Aufgabe_4/Q1.PNG>
Package pdftex.def Info: bilder/screens/Part_5/Aufgabe_4/Q1.PNG used on input l
ine 684.
(pdftex.def)             Requested size: 250.95476pt x 178.37991pt.
Package babel Info: Redefining ngerman shorthand "|
(babel)             in language  on input line 688.
Package babel Info: Redefining ngerman shorthand "~
(babel)             in language  on input line 688.
 [35

]
Underfull \hbox (badness 10000) in paragraph at lines 689--690

 []

<bilder/screens/Part_5/Aufgabe_4/Q2.PNG, id=481, 1056.94875pt x 750.55406pt>
File: bilder/screens/Part_5/Aufgabe_4/Q2.PNG Graphic file (type png)

<use bilder/screens/Part_5/Aufgabe_4/Q2.PNG>
Package pdftex.def Info: bilder/screens/Part_5/Aufgabe_4/Q2.PNG used on input l
ine 695.
(pdftex.def)             Requested size: 230.04079pt x 163.34726pt.

Underfull \hbox (badness 10000) in paragraph at lines 700--701

 []

Package babel Info: Redefining ngerman shorthand "|
(babel)             in language  on input line 701.
Package babel Info: Redefining ngerman shorthand "~
(babel)             in language  on input line 701.
[36 <./bilder/screens/Part_5/Aufgabe_4/Q1.PNG> <./bilder/screens/Part_5/Aufgabe
_4/Q2.PNG>]
Underfull \hbox (badness 10000) in paragraph at lines 702--703

 []

<bilder/screens/Part_5/Aufgabe_4/Q3.PNG, id=493, 1053.1847pt x 118.19156pt>
File: bilder/screens/Part_5/Aufgabe_4/Q3.PNG Graphic file (type png)

<use bilder/screens/Part_5/Aufgabe_4/Q3.PNG>
Package pdftex.def Info: bilder/screens/Part_5/Aufgabe_4/Q3.PNG used on input l
ine 706.
(pdftex.def)             Requested size: 292.77629pt x 32.85535pt.

Underfull \hbox (badness 10000) in paragraph at lines 711--712

 []

<bilder/screens/Part_5/Aufgabe_4/Q4.PNG, id=494, 1056.19594pt x 751.30687pt>
File: bilder/screens/Part_5/Aufgabe_4/Q4.PNG Graphic file (type png)

<use bilder/screens/Part_5/Aufgabe_4/Q4.PNG>
Package pdftex.def Info: bilder/screens/Part_5/Aufgabe_4/Q4.PNG used on input l
ine 717.
(pdftex.def)             Requested size: 209.12683pt x 148.75691pt.

Underfull \hbox (badness 10000) in paragraph at lines 723--724

 []

Package babel Info: Redefining ngerman shorthand "|
(babel)             in language  on input line 724.
Package babel Info: Redefining ngerman shorthand "~
(babel)             in language  on input line 724.
[37 <./bilder/screens/Part_5/Aufgabe_4/Q3.PNG> <./bilder/screens/Part_5/Aufgabe
_4/Q4.PNG>]
Underfull \hbox (badness 10000) in paragraph at lines 725--726

 []

<bilder/screens/Part_5/Aufgabe_4/Q5.PNG, id=502, 503.63156pt x 413.29407pt>
File: bilder/screens/Part_5/Aufgabe_4/Q5.PNG Graphic file (type png)

<use bilder/screens/Part_5/Aufgabe_4/Q5.PNG>
Package pdftex.def Info: bilder/screens/Part_5/Aufgabe_4/Q5.PNG used on input l
ine 729.
(pdftex.def)             Requested size: 209.12683pt x 171.61473pt.

Underfull \hbox (badness 10000) in paragraph at lines 734--735

 []


Underfull \hbox (badness 10000) in paragraph at lines 736--737

 []


Underfull \hbox (badness 10000) in paragraph at lines 738--739

 []


Underfull \hbox (badness 10000) in paragraph at lines 740--741

 []

<bilder/screens/Part_5/Aufgabe_4/Q7.PNG, id=503, 1057.70157pt x 758.835pt>
File: bilder/screens/Part_5/Aufgabe_4/Q7.PNG Graphic file (type png)

<use bilder/screens/Part_5/Aufgabe_4/Q7.PNG>
Package pdftex.def Info: bilder/screens/Part_5/Aufgabe_4/Q7.PNG used on input l
ine 744.
(pdftex.def)             Requested size: 209.12683pt x 150.02748pt.
Package babel Info: Redefining ngerman shorthand "|
(babel)             in language  on input line 748.
Package babel Info: Redefining ngerman shorthand "~
(babel)             in language  on input line 748.
 [38 <./bilder/screens/Part_5/Aufgabe_4/Q5.PNG>]
Underfull \hbox (badness 10000) in paragraph at lines 749--752

 []


Underfull \hbox (badness 10000) in paragraph at lines 753--754

 []

<bilder/screens/Part_5/Aufgabe_4/Q81.PNG, id=510, 270.25969pt x 43.66313pt>
File: bilder/screens/Part_5/Aufgabe_4/Q81.PNG Graphic file (type png)

<use bilder/screens/Part_5/Aufgabe_4/Q81.PNG>
Package pdftex.def Info: bilder/screens/Part_5/Aufgabe_4/Q81.PNG used on input 
line 756.
(pdftex.def)             Requested size: 209.12683pt x 33.78726pt.

Underfull \hbox (badness 10000) in paragraph at lines 759--760

 []

<bilder/screens/Part_5/Aufgabe_4/Q83.PNG, id=511, 253.69781pt x 133.24782pt>
File: bilder/screens/Part_5/Aufgabe_4/Q83.PNG Graphic file (type png)

<use bilder/screens/Part_5/Aufgabe_4/Q83.PNG>
Package pdftex.def Info: bilder/screens/Part_5/Aufgabe_4/Q83.PNG used on input 
line 762.
(pdftex.def)             Requested size: 125.47737pt x 65.90398pt.

Underfull \hbox (badness 10000) in paragraph at lines 765--766

 []

Package babel Info: Redefining ngerman shorthand "|
(babel)             in language  on input line 766.
Package babel Info: Redefining ngerman shorthand "~
(babel)             in language  on input line 766.
[39 <./bilder/screens/Part_5/Aufgabe_4/Q7.PNG> <./bilder/screens/Part_5/Aufgabe
_4/Q81.PNG> <./bilder/screens/Part_5/Aufgabe_4/Q83.PNG>]
<bilder/screens/Part_5/Aufgabe_4/Q82.PNG, id=519, 1056.94875pt x 780.66656pt>
File: bilder/screens/Part_5/Aufgabe_4/Q82.PNG Graphic file (type png)

<use bilder/screens/Part_5/Aufgabe_4/Q82.PNG>
Package pdftex.def Info: bilder/screens/Part_5/Aufgabe_4/Q82.PNG used on input 
line 769.
(pdftex.def)             Requested size: 209.12683pt x 154.46286pt.

Underfull \hbox (badness 10000) in paragraph at lines 774--775

 []

<bilder/screens/Part_5/Aufgabe_4/Q84.PNG, id=520, 566.86781pt x 435.87843pt>
File: bilder/screens/Part_5/Aufgabe_4/Q84.PNG Graphic file (type png)

<use bilder/screens/Part_5/Aufgabe_4/Q84.PNG>
Package pdftex.def Info: bilder/screens/Part_5/Aufgabe_4/Q84.PNG used on input 
line 778.
(pdftex.def)             Requested size: 167.2989pt x 128.63623pt.

Underfull \hbox (badness 10000) in paragraph at lines 785--787

 []

Package babel Info: Redefining ngerman shorthand "|
(babel)             in language  on input line 787.
Package babel Info: Redefining ngerman shorthand "~
(babel)             in language  on input line 787.
[40 <./bilder/screens/Part_5/Aufgabe_4/Q82.PNG> <./bilder/screens/Part_5/Aufgab
e_4/Q84.PNG>]
Underfull \hbox (badness 10000) in paragraph at lines 788--789

 []

<bilder/screens/Part_5/Aufgabe_4/Q91.PNG, id=527, 280.79906pt x 48.18pt>
File: bilder/screens/Part_5/Aufgabe_4/Q91.PNG Graphic file (type png)

<use bilder/screens/Part_5/Aufgabe_4/Q91.PNG>
Package pdftex.def Info: bilder/screens/Part_5/Aufgabe_4/Q91.PNG used on input 
line 791.
(pdftex.def)             Requested size: 209.12683pt x 35.88199pt.

Underfull \hbox (badness 10000) in paragraph at lines 794--795

 []

<bilder/screens/Part_5/Aufgabe_4/Q92.PNG, id=528, 330.48468pt x 52.69687pt>
File: bilder/screens/Part_5/Aufgabe_4/Q92.PNG Graphic file (type png)

<use bilder/screens/Part_5/Aufgabe_4/Q92.PNG>
Package pdftex.def Info: bilder/screens/Part_5/Aufgabe_4/Q92.PNG used on input 
line 797.
(pdftex.def)             Requested size: 209.12683pt x 33.34714pt.

<bilder/screens/Part_5/Aufgabe_4/Q93.PNG, id=529, 1054.6903pt x 779.91376pt>
File: bilder/screens/Part_5/Aufgabe_4/Q93.PNG Graphic file (type png)

<use bilder/screens/Part_5/Aufgabe_4/Q93.PNG>
Package pdftex.def Info: bilder/screens/Part_5/Aufgabe_4/Q93.PNG used on input 
line 804.
(pdftex.def)             Requested size: 209.12683pt x 154.63522pt.

Underfull \hbox (badness 10000) in paragraph at lines 809--810

 []

Package babel Info: Redefining ngerman shorthand "|
(babel)             in language  on input line 810.
Package babel Info: Redefining ngerman shorthand "~
(babel)             in language  on input line 810.
[41 <./bilder/screens/Part_5/Aufgabe_4/Q91.PNG> <./bilder/screens/Part_5/Aufgab
e_4/Q92.PNG> <./bilder/screens/Part_5/Aufgabe_4/Q93.PNG>]
<bilder/screens/Part_5/Aufgabe_4/Q94.PNG, id=537, 1032.85875pt x 699.36281pt>
File: bilder/screens/Part_5/Aufgabe_4/Q94.PNG Graphic file (type png)

<use bilder/screens/Part_5/Aufgabe_4/Q94.PNG>
Package pdftex.def Info: bilder/screens/Part_5/Aufgabe_4/Q94.PNG used on input 
line 813.
(pdftex.def)             Requested size: 209.12683pt x 141.59885pt.
Package babel Info: Redefining ngerman shorthand "|
(babel)             in language  on input line 819.
Package babel Info: Redefining ngerman shorthand "~
(babel)             in language  on input line 819.

Underfull \hbox (badness 10000) in paragraph at lines 821--823

 []

<bilder/screens/Part_5/Aufgabe_5/s1.PNG, id=538, 703.87968pt x 255.95625pt>
File: bilder/screens/Part_5/Aufgabe_5/s1.PNG Graphic file (type png)

<use bilder/screens/Part_5/Aufgabe_5/s1.PNG>
Package pdftex.def Info: bilder/screens/Part_5/Aufgabe_5/s1.PNG used on input l
ine 828.
(pdftex.def)             Requested size: 188.21288pt x 68.44125pt.

Underfull \hbox (badness 10000) in paragraph at lines 833--834

 []

Package babel Info: Redefining ngerman shorthand "|
(babel)             in language  on input line 834.
Package babel Info: Redefining ngerman shorthand "~
(babel)             in language  on input line 834.
[42 <./bilder/screens/Part_5/Aufgabe_4/Q94.PNG> <./bilder/screens/Part_5/Aufgab
e_5/s1.PNG>]
<bilder/screens/Part_5/Aufgabe_5/s2.PNG, id=545, 305.64188pt x 132.495pt>
File: bilder/screens/Part_5/Aufgabe_5/s2.PNG Graphic file (type png)

<use bilder/screens/Part_5/Aufgabe_5/s2.PNG>
Package pdftex.def Info: bilder/screens/Part_5/Aufgabe_5/s2.PNG used on input l
ine 837.
(pdftex.def)             Requested size: 188.21288pt x 81.58804pt.
Package babel Info: Redefining ngerman shorthand "|
(babel)             in language  on input line 846.
Package babel Info: Redefining ngerman shorthand "~
(babel)             in language  on input line 846.
Package babel Info: Redefining ngerman shorthand "|
(babel)             in language  on input line 849.
Package babel Info: Redefining ngerman shorthand "~
(babel)             in language  on input line 849.
Package babel Info: Redefining ngerman shorthand "|
(babel)             in language  on input line 852.
Package babel Info: Redefining ngerman shorthand "~
(babel)             in language  on input line 852.
Package babel Info: Redefining ngerman shorthand "|
(babel)             in language  on input line 855.
Package babel Info: Redefining ngerman shorthand "~
(babel)             in language  on input line 855.
Package atveryend Info: Empty hook `BeforeClearDocument' on input line 864.
Package babel Info: Redefining ngerman shorthand "|
(babel)             in language  on input line 864.
Package babel Info: Redefining ngerman shorthand "~
(babel)             in language  on input line 864.
 [43 <./bilder/screens/Part_5/Aufgabe_5/s2.PNG>]
Package atveryend Info: Empty hook `AfterLastShipout' on input line 864.

(./Projekt Netzwerk-Infrastrukturen WS2017 Donnerstag Gruppe 4 Labreport Part 3
-5.aux)
Package atveryend Info: Executing hook `AtVeryEndDocument' on input line 864.
Package atveryend Info: Executing hook `AtEndAfterFileList' on input line 864.
Package rerunfilecheck Info: File `"Projekt Netzwerk-Infrastrukturen WS2017 Don
nerstag Gruppe 4 Labreport Part 3-5".out' has not changed.
(rerunfilecheck)             Checksum: 69E09826CB24B4FC5C68C6D5FD3648E6;1985.
Package atveryend Info: Empty hook `AtVeryVeryEnd' on input line 864.
 ) 
Here is how much of TeX's memory you used:
 12306 strings out of 493089
 194285 string characters out of 6134842
 344095 words of memory out of 5000000
 15399 multiletter control sequences out of 15000+600000
 16385 words of font info for 46 fonts, out of 8000000 for 9000
 1141 hyphenation exceptions out of 8191
 43i,8n,50p,884b,708s stack positions out of 5000i,500n,10000p,200000b,80000s
{/usr/local/texlive/2015/texmf-dist/fonts/enc/dvips/cm-super/cm-super-t1.enc}
</usr/local/texlive/2015/texmf-dist/fonts/type1/public/amsfonts/cm/cmmi12.pfb><
/usr/local/texlive/2015/texmf-dist/fonts/type1/public/amsfonts/cm/cmr12.pfb></u
sr/local/texlive/2015/texmf-dist/fonts/type1/public/amsfonts/cm/cmr8.pfb></usr/
local/texlive/2015/texmf-dist/fonts/type1/public/amsfonts/cm/cmsy10.pfb></usr/l
ocal/texlive/2015/texmf-dist/fonts/type1/public/amsfonts/symbols/msbm10.pfb></u
sr/local/texlive/2015/texmf-dist/fonts/type1/public/cm-super/sfsi1200.pfb></usr
/local/texlive/2015/texmf-dist/fonts/type1/public/cm-super/sfss1200.pfb></usr/l
ocal/texlive/2015/texmf-dist/fonts/type1/public/cm-super/sfss1728.pfb></usr/loc
al/texlive/2015/texmf-dist/fonts/type1/public/cm-super/sfsx1200.pfb></usr/local
/texlive/2015/texmf-dist/fonts/type1/public/cm-super/sfsx1728.pfb></usr/local/t
exlive/2015/texmf-dist/fonts/type1/public/cm-super/sfsx2074.pfb></usr/local/tex
live/2015/texmf-dist/fonts/type1/public/cm-super/sfsx2488.pfb></usr/local/texli
ve/2015/texmf-dist/fonts/type1/public/cm-super/sftt1200.pfb>
Output written on "Projekt Netzwerk-Infrastrukturen WS2017 Donnerstag Gruppe 4 
Labreport Part 3-5.pdf" (43 pages, 5166770 bytes).
PDF statistics:
 626 PDF objects out of 1000 (max. 8388607)
 431 compressed objects within 5 object streams
 121 named destinations out of 1000 (max. 500000)
 499 words of extra memory for PDF output out of 10000 (max. 10000000)

